L 04/16/2020 - 02:13:11: -------- Mapchange to de_dust2 --------
L 04/16/2020 - 02:13:11: [CSX] Could not load csstats file: cstrike/addons/amxmodx/data/csstats.dat
L 04/16/2020 - 02:13:12: -------- Mapchange to de_dust2 --------
L 04/16/2020 - 02:14:31: -------- Mapchange to de_dust2 --------
L 04/16/2020 - 02:14:32: -------- Mapchange to de_dust2 --------
L 04/16/2020 - 02:14:41: [admin.amxx] Login: "TSM Leinho<1><STEAM_0:1:534159451><>" became an admin (account "TSM Leinho") (access "abcdefghijklmnopqrstuv") (address "186.23.31.178")
L 04/16/2020 - 02:15:25: [plmenu.amxx] Cmd: "TSM Leinho<1><STEAM_0:1:534159451><>" transfer "TSM Leinho<1><STEAM_0:1:534159451><>" (team "TERRORIST")
L 04/16/2020 - 02:15:26: [plmenu.amxx] Cmd: "TSM Leinho<1><STEAM_0:1:534159451><>" transfer "TSM Leinho<1><STEAM_0:1:534159451><>" (team "TERRORIST")
L 04/16/2020 - 02:32:32: [mapchooser.amxx] Vote: Voting for the nextmap started
L 04/16/2020 - 02:32:47: [mapchooser.amxx] Vote: Voting for the nextmap finished. The nextmap will be de_inferno
L 04/16/2020 - 02:34:43: -------- Mapchange to de_inferno --------
L 04/16/2020 - 02:34:44: [admin.amxx] Login: "TSM Leinho<1><STEAM_0:1:534159451><>" became an admin (account "TSM Leinho") (access "abcdefghijklmnopqrstuv") (address "186.23.31.178")
L 04/16/2020 - 02:46:26: -------- Mapchange to de_dust2 --------
L 04/16/2020 - 02:46:28: -------- Mapchange to de_dust2 --------
L 04/16/2020 - 02:46:49: [admin.amxx] Login: "TSM Leinho<1><STEAM_0:1:534159451><>" became an admin (account "TSM Leinho") (access "abcdefghijklmnopqrstuv") (address "172.18.0.1")
L 04/16/2020 - 02:53:25: -------- Mapchange to de_dust2 --------
L 04/16/2020 - 02:53:27: -------- Mapchange to de_dust2 --------
L 04/16/2020 - 02:53:35: [admin.amxx] Login: "TSM Leinho<1><STEAM_0:1:534159451><>" became an admin (account "TSM Leinho") (access "abcdefghijklmnopqrstuv") (address "172.18.0.1")
L 04/16/2020 - 02:56:30: -------- Mapchange to de_dust2 --------
L 04/16/2020 - 02:56:31: -------- Mapchange to de_dust2 --------
L 04/16/2020 - 02:56:40: [admin.amxx] Login: "TSM Leinho<1><STEAM_0:1:534159451><>" became an admin (account "TSM Leinho") (access "abcdefghijklmnopqrstuv") (address "172.18.0.1")
L 04/16/2020 - 03:01:11: [adminchat.amxx] Chat: "Cuarentena San Martin<0><><>" tsay "- Config Practice Cargada! -"
L 04/16/2020 - 03:01:11: [adminchat.amxx] Chat: "Cuarentena San Martin<0><><>" tsay "- Config Practice Cargada! -"
L 04/16/2020 - 03:01:11: [adminchat.amxx] Chat: "Cuarentena San Martin<0><><>" tsay "- Config Practice Cargada! -"
L 04/16/2020 - 03:01:11: [adminchat.amxx] Chat: "Cuarentena San Martin<0><><>" tsay "- Config Practice Cargada! -"
L 04/16/2020 - 03:14:22: [plmenu.amxx] Cmd: "TSM Leinho<1><STEAM_0:1:534159451><>" slap with 0 damage "TSM JB<3><STEAM_0:0:540163273><>"
L 04/16/2020 - 03:14:22: [plmenu.amxx] Cmd: "TSM Leinho<1><STEAM_0:1:534159451><>" slap with 0 damage "TSM JB<3><STEAM_0:0:540163273><>"
L 04/16/2020 - 03:14:22: [plmenu.amxx] Cmd: "TSM Leinho<1><STEAM_0:1:534159451><>" slap with 0 damage "TSM JB<3><STEAM_0:0:540163273><>"
L 04/16/2020 - 03:14:22: [plmenu.amxx] Cmd: "TSM Leinho<1><STEAM_0:1:534159451><>" slap with 0 damage "TSM JB<3><STEAM_0:0:540163273><>"
L 04/16/2020 - 03:14:22: [plmenu.amxx] Cmd: "TSM Leinho<1><STEAM_0:1:534159451><>" slap with 0 damage "TSM JB<3><STEAM_0:0:540163273><>"
L 04/16/2020 - 03:14:23: [plmenu.amxx] Cmd: "TSM Leinho<1><STEAM_0:1:534159451><>" slap with 0 damage "TSM JB<3><STEAM_0:0:540163273><>"
L 04/16/2020 - 03:14:23: [plmenu.amxx] Cmd: "TSM Leinho<1><STEAM_0:1:534159451><>" slap with 0 damage "TSM JB<3><STEAM_0:0:540163273><>"
L 04/16/2020 - 03:14:23: [plmenu.amxx] Cmd: "TSM Leinho<1><STEAM_0:1:534159451><>" slap with 0 damage "TSM JB<3><STEAM_0:0:540163273><>"
L 04/16/2020 - 03:14:23: [plmenu.amxx] Cmd: "TSM Leinho<1><STEAM_0:1:534159451><>" slap with 0 damage "TSM JB<3><STEAM_0:0:540163273><>"
L 04/16/2020 - 03:14:23: [plmenu.amxx] Cmd: "TSM Leinho<1><STEAM_0:1:534159451><>" slap with 0 damage "TSM JB<3><STEAM_0:0:540163273><>"
L 04/16/2020 - 03:14:23: [plmenu.amxx] Cmd: "TSM Leinho<1><STEAM_0:1:534159451><>" slap with 0 damage "TSM JB<3><STEAM_0:0:540163273><>"
L 04/16/2020 - 03:14:25: [plmenu.amxx] Cmd: "TSM Leinho<1><STEAM_0:1:534159451><>" slap with 0 damage "TSM Colo<2><STEAM_0:1:418955341><>"
L 04/16/2020 - 03:14:25: [plmenu.amxx] Cmd: "TSM Leinho<1><STEAM_0:1:534159451><>" slap with 0 damage "TSM Colo<2><STEAM_0:1:418955341><>"
L 04/16/2020 - 03:14:25: [plmenu.amxx] Cmd: "TSM Leinho<1><STEAM_0:1:534159451><>" slap with 0 damage "TSM Colo<2><STEAM_0:1:418955341><>"
L 04/16/2020 - 03:14:26: [plmenu.amxx] Cmd: "TSM Leinho<1><STEAM_0:1:534159451><>" slap with 0 damage "TSM JB<3><STEAM_0:0:540163273><>"
L 04/16/2020 - 03:14:26: [plmenu.amxx] Cmd: "TSM Leinho<1><STEAM_0:1:534159451><>" slap with 0 damage "TSM Colo<2><STEAM_0:1:418955341><>"
L 04/16/2020 - 03:14:26: [plmenu.amxx] Cmd: "TSM Leinho<1><STEAM_0:1:534159451><>" slap with 0 damage "TSM JB<3><STEAM_0:0:540163273><>"
L 04/16/2020 - 03:14:26: [plmenu.amxx] Cmd: "TSM Leinho<1><STEAM_0:1:534159451><>" slap with 0 damage "TSM Colo<2><STEAM_0:1:418955341><>"
L 04/16/2020 - 03:14:26: [plmenu.amxx] Cmd: "TSM Leinho<1><STEAM_0:1:534159451><>" slap with 0 damage "TSM Colo<2><STEAM_0:1:418955341><>"
L 04/16/2020 - 03:14:26: [plmenu.amxx] Cmd: "TSM Leinho<1><STEAM_0:1:534159451><>" slap with 0 damage "TSM JB<3><STEAM_0:0:540163273><>"
L 04/16/2020 - 03:14:26: [plmenu.amxx] Cmd: "TSM Leinho<1><STEAM_0:1:534159451><>" slap with 0 damage "TSM Colo<2><STEAM_0:1:418955341><>"
L 04/16/2020 - 03:14:29: [plmenu.amxx] Cmd: "TSM Leinho<1><STEAM_0:1:534159451><>" slap with 0 damage "TSM KBZ@<6><STEAM_0:0:123422662><>"
L 04/16/2020 - 03:14:29: [plmenu.amxx] Cmd: "TSM Leinho<1><STEAM_0:1:534159451><>" slap with 0 damage "TSM KBZ@<6><STEAM_0:0:123422662><>"
L 04/16/2020 - 03:14:29: [plmenu.amxx] Cmd: "TSM Leinho<1><STEAM_0:1:534159451><>" slap with 0 damage "TSM KBZ@<6><STEAM_0:0:123422662><>"
L 04/16/2020 - 03:14:29: [plmenu.amxx] Cmd: "TSM Leinho<1><STEAM_0:1:534159451><>" slap with 0 damage "TSM KBZ@<6><STEAM_0:0:123422662><>"
L 04/16/2020 - 03:14:29: [plmenu.amxx] Cmd: "TSM Leinho<1><STEAM_0:1:534159451><>" slap with 0 damage "TSM KBZ@<6><STEAM_0:0:123422662><>"
L 04/16/2020 - 03:14:30: [plmenu.amxx] Cmd: "TSM Leinho<1><STEAM_0:1:534159451><>" slap with 0 damage "TSM KBZ@<6><STEAM_0:0:123422662><>"
L 04/16/2020 - 03:14:30: [plmenu.amxx] Cmd: "TSM Leinho<1><STEAM_0:1:534159451><>" slap with 0 damage "TSM KBZ@<6><STEAM_0:0:123422662><>"
L 04/16/2020 - 03:14:54: [plmenu.amxx] Cmd: "TSM Leinho<1><STEAM_0:1:534159451><>" slap with 0 damage "TSM JB<3><STEAM_0:0:540163273><>"
L 04/16/2020 - 03:14:55: [plmenu.amxx] Cmd: "TSM Leinho<1><STEAM_0:1:534159451><>" slap with 0 damage "TSM KBZ@<6><STEAM_0:0:123422662><>"
L 04/16/2020 - 03:14:56: [plmenu.amxx] Cmd: "TSM Leinho<1><STEAM_0:1:534159451><>" slap with 0 damage "TSM KBZ@<6><STEAM_0:0:123422662><>"
L 04/16/2020 - 03:14:56: [plmenu.amxx] Cmd: "TSM Leinho<1><STEAM_0:1:534159451><>" slap with 0 damage "TSM KBZ@<6><STEAM_0:0:123422662><>"
L 04/16/2020 - 03:14:56: [plmenu.amxx] Cmd: "TSM Leinho<1><STEAM_0:1:534159451><>" slap with 0 damage "TSM KBZ@<6><STEAM_0:0:123422662><>"
L 04/16/2020 - 03:14:56: [plmenu.amxx] Cmd: "TSM Leinho<1><STEAM_0:1:534159451><>" slap with 0 damage "TSM KBZ@<6><STEAM_0:0:123422662><>"
L 04/16/2020 - 03:14:56: [plmenu.amxx] Cmd: "TSM Leinho<1><STEAM_0:1:534159451><>" slap with 0 damage "TSM KBZ@<6><STEAM_0:0:123422662><>"
L 04/16/2020 - 03:14:56: [plmenu.amxx] Cmd: "TSM Leinho<1><STEAM_0:1:534159451><>" slap with 0 damage "TSM KBZ@<6><STEAM_0:0:123422662><>"
L 04/16/2020 - 03:14:57: [plmenu.amxx] Cmd: "TSM Leinho<1><STEAM_0:1:534159451><>" slap with 0 damage "TSM KBZ@<6><STEAM_0:0:123422662><>"
L 04/16/2020 - 03:14:59: [plmenu.amxx] Cmd: "TSM Leinho<1><STEAM_0:1:534159451><>" slap with 0 damage "TSM KBZ@<6><STEAM_0:0:123422662><>"
L 04/16/2020 - 03:14:59: [plmenu.amxx] Cmd: "TSM Leinho<1><STEAM_0:1:534159451><>" slap with 0 damage "TSM KBZ@<6><STEAM_0:0:123422662><>"
L 04/16/2020 - 03:14:59: [plmenu.amxx] Cmd: "TSM Leinho<1><STEAM_0:1:534159451><>" slap with 0 damage "TSM KBZ@<6><STEAM_0:0:123422662><>"
L 04/16/2020 - 03:14:59: [plmenu.amxx] Cmd: "TSM Leinho<1><STEAM_0:1:534159451><>" slap with 0 damage "TSM KBZ@<6><STEAM_0:0:123422662><>"
L 04/16/2020 - 03:15:00: [plmenu.amxx] Cmd: "TSM Leinho<1><STEAM_0:1:534159451><>" slap with 0 damage "TSM KBZ@<6><STEAM_0:0:123422662><>"
L 04/16/2020 - 03:15:00: [plmenu.amxx] Cmd: "TSM Leinho<1><STEAM_0:1:534159451><>" slap with 0 damage "TSM KBZ@<6><STEAM_0:0:123422662><>"
L 04/16/2020 - 03:15:00: [plmenu.amxx] Cmd: "TSM Leinho<1><STEAM_0:1:534159451><>" slap with 0 damage "TSM KBZ@<6><STEAM_0:0:123422662><>"
L 04/16/2020 - 03:15:00: [plmenu.amxx] Cmd: "TSM Leinho<1><STEAM_0:1:534159451><>" slap with 0 damage "TSM KBZ@<6><STEAM_0:0:123422662><>"
L 04/16/2020 - 03:15:00: [plmenu.amxx] Cmd: "TSM Leinho<1><STEAM_0:1:534159451><>" slap with 0 damage "TSM KBZ@<6><STEAM_0:0:123422662><>"
L 04/16/2020 - 03:15:00: [plmenu.amxx] Cmd: "TSM Leinho<1><STEAM_0:1:534159451><>" slap with 0 damage "TSM KBZ@<6><STEAM_0:0:123422662><>"
L 04/16/2020 - 03:15:01: [plmenu.amxx] Cmd: "TSM Leinho<1><STEAM_0:1:534159451><>" slap with 0 damage "TSM KBZ@<6><STEAM_0:0:123422662><>"
L 04/16/2020 - 03:15:01: [plmenu.amxx] Cmd: "TSM Leinho<1><STEAM_0:1:534159451><>" slap with 0 damage "TSM KBZ@<6><STEAM_0:0:123422662><>"
L 04/16/2020 - 03:15:01: [plmenu.amxx] Cmd: "TSM Leinho<1><STEAM_0:1:534159451><>" slap with 0 damage "TSM KBZ@<6><STEAM_0:0:123422662><>"
L 04/16/2020 - 03:15:01: [plmenu.amxx] Cmd: "TSM Leinho<1><STEAM_0:1:534159451><>" slap with 0 damage "TSM KBZ@<6><STEAM_0:0:123422662><>"
L 04/16/2020 - 03:15:01: [plmenu.amxx] Cmd: "TSM Leinho<1><STEAM_0:1:534159451><>" slap with 0 damage "TSM KBZ@<6><STEAM_0:0:123422662><>"
L 04/16/2020 - 03:15:01: [plmenu.amxx] Cmd: "TSM Leinho<1><STEAM_0:1:534159451><>" slap with 0 damage "TSM KBZ@<6><STEAM_0:0:123422662><>"
L 04/16/2020 - 03:15:02: [plmenu.amxx] Cmd: "TSM Leinho<1><STEAM_0:1:534159451><>" slap with 0 damage "TSM KBZ@<6><STEAM_0:0:123422662><>"
L 04/16/2020 - 03:15:02: [plmenu.amxx] Cmd: "TSM Leinho<1><STEAM_0:1:534159451><>" slap with 0 damage "TSM KBZ@<6><STEAM_0:0:123422662><>"
L 04/16/2020 - 03:15:02: [plmenu.amxx] Cmd: "TSM Leinho<1><STEAM_0:1:534159451><>" slap with 0 damage "TSM KBZ@<6><STEAM_0:0:123422662><>"
L 04/16/2020 - 03:15:02: [plmenu.amxx] Cmd: "TSM Leinho<1><STEAM_0:1:534159451><>" slap with 0 damage "TSM KBZ@<6><STEAM_0:0:123422662><>"
L 04/16/2020 - 03:15:02: [plmenu.amxx] Cmd: "TSM Leinho<1><STEAM_0:1:534159451><>" slap with 0 damage "TSM KBZ@<6><STEAM_0:0:123422662><>"
L 04/16/2020 - 03:15:02: [plmenu.amxx] Cmd: "TSM Leinho<1><STEAM_0:1:534159451><>" slap with 0 damage "TSM KBZ@<6><STEAM_0:0:123422662><>"
L 04/16/2020 - 03:15:03: [plmenu.amxx] Cmd: "TSM Leinho<1><STEAM_0:1:534159451><>" slap with 0 damage "TSM KBZ@<6><STEAM_0:0:123422662><>"
L 04/16/2020 - 03:15:03: [plmenu.amxx] Cmd: "TSM Leinho<1><STEAM_0:1:534159451><>" slap with 0 damage "TSM KBZ@<6><STEAM_0:0:123422662><>"
L 04/16/2020 - 03:15:03: [plmenu.amxx] Cmd: "TSM Leinho<1><STEAM_0:1:534159451><>" slap with 0 damage "TSM KBZ@<6><STEAM_0:0:123422662><>"
L 04/16/2020 - 03:15:03: [plmenu.amxx] Cmd: "TSM Leinho<1><STEAM_0:1:534159451><>" slap with 0 damage "TSM KBZ@<6><STEAM_0:0:123422662><>"
L 04/16/2020 - 03:15:03: [plmenu.amxx] Cmd: "TSM Leinho<1><STEAM_0:1:534159451><>" slap with 0 damage "TSM KBZ@<6><STEAM_0:0:123422662><>"
L 04/16/2020 - 03:15:03: [plmenu.amxx] Cmd: "TSM Leinho<1><STEAM_0:1:534159451><>" slap with 0 damage "TSM KBZ@<6><STEAM_0:0:123422662><>"
L 04/16/2020 - 03:15:04: [plmenu.amxx] Cmd: "TSM Leinho<1><STEAM_0:1:534159451><>" slap with 0 damage "TSM KBZ@<6><STEAM_0:0:123422662><>"
L 04/16/2020 - 03:15:04: [plmenu.amxx] Cmd: "TSM Leinho<1><STEAM_0:1:534159451><>" slap with 0 damage "TSM KBZ@<6><STEAM_0:0:123422662><>"
L 04/16/2020 - 03:15:04: [plmenu.amxx] Cmd: "TSM Leinho<1><STEAM_0:1:534159451><>" slap with 0 damage "TSM KBZ@<6><STEAM_0:0:123422662><>"
L 04/16/2020 - 03:15:04: [plmenu.amxx] Cmd: "TSM Leinho<1><STEAM_0:1:534159451><>" slap with 0 damage "TSM KBZ@<6><STEAM_0:0:123422662><>"
L 04/16/2020 - 03:15:04: [plmenu.amxx] Cmd: "TSM Leinho<1><STEAM_0:1:534159451><>" slap with 0 damage "TSM KBZ@<6><STEAM_0:0:123422662><>"
L 04/16/2020 - 03:15:05: [plmenu.amxx] Cmd: "TSM Leinho<1><STEAM_0:1:534159451><>" slap with 0 damage "TSM KBZ@<6><STEAM_0:0:123422662><>"
L 04/16/2020 - 03:15:05: [plmenu.amxx] Cmd: "TSM Leinho<1><STEAM_0:1:534159451><>" slap with 0 damage "TSM KBZ@<6><STEAM_0:0:123422662><>"
L 04/16/2020 - 03:15:05: [plmenu.amxx] Cmd: "TSM Leinho<1><STEAM_0:1:534159451><>" slap with 0 damage "TSM KBZ@<6><STEAM_0:0:123422662><>"
L 04/16/2020 - 03:15:05: [plmenu.amxx] Cmd: "TSM Leinho<1><STEAM_0:1:534159451><>" slap with 0 damage "TSM KBZ@<6><STEAM_0:0:123422662><>"
L 04/16/2020 - 03:15:05: [plmenu.amxx] Cmd: "TSM Leinho<1><STEAM_0:1:534159451><>" slap with 0 damage "TSM KBZ@<6><STEAM_0:0:123422662><>"
L 04/16/2020 - 03:15:06: [plmenu.amxx] Cmd: "TSM Leinho<1><STEAM_0:1:534159451><>" slap with 0 damage "TSM KBZ@<6><STEAM_0:0:123422662><>"
L 04/16/2020 - 03:15:06: [plmenu.amxx] Cmd: "TSM Leinho<1><STEAM_0:1:534159451><>" slap with 0 damage "TSM JB<3><STEAM_0:0:540163273><>"
L 04/16/2020 - 03:15:07: [plmenu.amxx] Cmd: "TSM Leinho<1><STEAM_0:1:534159451><>" slap with 0 damage "TSM JB<3><STEAM_0:0:540163273><>"
L 04/16/2020 - 03:15:07: [plmenu.amxx] Cmd: "TSM Leinho<1><STEAM_0:1:534159451><>" slap with 0 damage "TSM JB<3><STEAM_0:0:540163273><>"
L 04/16/2020 - 03:15:07: [plmenu.amxx] Cmd: "TSM Leinho<1><STEAM_0:1:534159451><>" slap with 0 damage "TSM JB<3><STEAM_0:0:540163273><>"
L 04/16/2020 - 03:15:07: [plmenu.amxx] Cmd: "TSM Leinho<1><STEAM_0:1:534159451><>" slap with 0 damage "TSM JB<3><STEAM_0:0:540163273><>"
L 04/16/2020 - 03:15:07: [plmenu.amxx] Cmd: "TSM Leinho<1><STEAM_0:1:534159451><>" slap with 0 damage "TSM JB<3><STEAM_0:0:540163273><>"
L 04/16/2020 - 03:15:07: [plmenu.amxx] Cmd: "TSM Leinho<1><STEAM_0:1:534159451><>" slap with 0 damage "TSM JB<3><STEAM_0:0:540163273><>"
L 04/16/2020 - 03:15:08: [plmenu.amxx] Cmd: "TSM Leinho<1><STEAM_0:1:534159451><>" slap with 0 damage "TSM JB<3><STEAM_0:0:540163273><>"
L 04/16/2020 - 03:15:08: [plmenu.amxx] Cmd: "TSM Leinho<1><STEAM_0:1:534159451><>" slap with 0 damage "TSM JB<3><STEAM_0:0:540163273><>"
L 04/16/2020 - 03:15:08: [plmenu.amxx] Cmd: "TSM Leinho<1><STEAM_0:1:534159451><>" slap with 0 damage "TSM JB<3><STEAM_0:0:540163273><>"
L 04/16/2020 - 03:15:08: [plmenu.amxx] Cmd: "TSM Leinho<1><STEAM_0:1:534159451><>" slap with 0 damage "TSM JB<3><STEAM_0:0:540163273><>"
L 04/16/2020 - 03:15:09: [plmenu.amxx] Cmd: "TSM Leinho<1><STEAM_0:1:534159451><>" slap with 0 damage "TSM Colo<2><STEAM_0:1:418955341><>"
L 04/16/2020 - 03:15:09: [plmenu.amxx] Cmd: "TSM Leinho<1><STEAM_0:1:534159451><>" slap with 0 damage "TSM Colo<2><STEAM_0:1:418955341><>"
L 04/16/2020 - 03:15:10: [plmenu.amxx] Cmd: "TSM Leinho<1><STEAM_0:1:534159451><>" slap with 0 damage "TSM Colo<2><STEAM_0:1:418955341><>"
L 04/16/2020 - 03:15:10: [plmenu.amxx] Cmd: "TSM Leinho<1><STEAM_0:1:534159451><>" slap with 0 damage "TSM Colo<2><STEAM_0:1:418955341><>"
L 04/16/2020 - 03:15:10: [plmenu.amxx] Cmd: "TSM Leinho<1><STEAM_0:1:534159451><>" slap with 0 damage "TSM Colo<2><STEAM_0:1:418955341><>"
L 04/16/2020 - 03:15:10: [plmenu.amxx] Cmd: "TSM Leinho<1><STEAM_0:1:534159451><>" slap with 0 damage "TSM Colo<2><STEAM_0:1:418955341><>"
L 04/16/2020 - 03:15:21: [plmenu.amxx] Cmd: "TSM Leinho<1><STEAM_0:1:534159451><>" slap with 0 damage "TSM KBZ@<6><STEAM_0:0:123422662><>"
L 04/16/2020 - 03:15:22: [plmenu.amxx] Cmd: "TSM Leinho<1><STEAM_0:1:534159451><>" slap with 0 damage "TSM KBZ@<6><STEAM_0:0:123422662><>"
L 04/16/2020 - 03:15:22: [plmenu.amxx] Cmd: "TSM Leinho<1><STEAM_0:1:534159451><>" slap with 0 damage "TSM KBZ@<6><STEAM_0:0:123422662><>"
L 04/16/2020 - 03:15:22: [plmenu.amxx] Cmd: "TSM Leinho<1><STEAM_0:1:534159451><>" slap with 0 damage "TSM KBZ@<6><STEAM_0:0:123422662><>"
L 04/16/2020 - 03:15:22: [plmenu.amxx] Cmd: "TSM Leinho<1><STEAM_0:1:534159451><>" slap with 0 damage "TSM KBZ@<6><STEAM_0:0:123422662><>"
L 04/16/2020 - 03:15:24: [plmenu.amxx] Cmd: "TSM Leinho<1><STEAM_0:1:534159451><>" slap with 0 damage "TSM KBZ@<6><STEAM_0:0:123422662><>"
L 04/16/2020 - 03:15:25: [plmenu.amxx] Cmd: "TSM Leinho<1><STEAM_0:1:534159451><>" slap with 0 damage "TSM KBZ@<6><STEAM_0:0:123422662><>"
L 04/16/2020 - 03:15:25: [plmenu.amxx] Cmd: "TSM Leinho<1><STEAM_0:1:534159451><>" slap with 0 damage "TSM KBZ@<6><STEAM_0:0:123422662><>"
L 04/16/2020 - 03:15:31: [plmenu.amxx] Cmd: "TSM Leinho<1><STEAM_0:1:534159451><>" slap with 0 damage "TSM Leinho<1><STEAM_0:1:534159451><>"
L 04/16/2020 - 03:15:31: [plmenu.amxx] Cmd: "TSM Leinho<1><STEAM_0:1:534159451><>" slap with 0 damage "TSM Leinho<1><STEAM_0:1:534159451><>"
L 04/16/2020 - 03:15:31: [plmenu.amxx] Cmd: "TSM Leinho<1><STEAM_0:1:534159451><>" slap with 0 damage "TSM Leinho<1><STEAM_0:1:534159451><>"
L 04/16/2020 - 03:15:32: [plmenu.amxx] Cmd: "TSM Leinho<1><STEAM_0:1:534159451><>" slap with 0 damage "TSM Leinho<1><STEAM_0:1:534159451><>"
L 04/16/2020 - 03:15:32: [plmenu.amxx] Cmd: "TSM Leinho<1><STEAM_0:1:534159451><>" slap with 0 damage "TSM Leinho<1><STEAM_0:1:534159451><>"
L 04/16/2020 - 03:15:32: [plmenu.amxx] Cmd: "TSM Leinho<1><STEAM_0:1:534159451><>" slap with 0 damage "TSM Leinho<1><STEAM_0:1:534159451><>"
L 04/16/2020 - 03:15:32: [plmenu.amxx] Cmd: "TSM Leinho<1><STEAM_0:1:534159451><>" slap with 0 damage "TSM Leinho<1><STEAM_0:1:534159451><>"
L 04/16/2020 - 03:15:32: [plmenu.amxx] Cmd: "TSM Leinho<1><STEAM_0:1:534159451><>" slap with 0 damage "TSM Leinho<1><STEAM_0:1:534159451><>"
L 04/16/2020 - 03:15:32: [plmenu.amxx] Cmd: "TSM Leinho<1><STEAM_0:1:534159451><>" slap with 0 damage "TSM Leinho<1><STEAM_0:1:534159451><>"
L 04/16/2020 - 03:15:33: [plmenu.amxx] Cmd: "TSM Leinho<1><STEAM_0:1:534159451><>" slap with 0 damage "TSM Leinho<1><STEAM_0:1:534159451><>"
L 04/16/2020 - 03:15:33: [plmenu.amxx] Cmd: "TSM Leinho<1><STEAM_0:1:534159451><>" slap with 0 damage "TSM Leinho<1><STEAM_0:1:534159451><>"
L 04/16/2020 - 03:15:33: [plmenu.amxx] Cmd: "TSM Leinho<1><STEAM_0:1:534159451><>" slap with 0 damage "TSM Leinho<1><STEAM_0:1:534159451><>"
L 04/16/2020 - 03:15:33: [plmenu.amxx] Cmd: "TSM Leinho<1><STEAM_0:1:534159451><>" slap with 0 damage "TSM Leinho<1><STEAM_0:1:534159451><>"
L 04/16/2020 - 03:15:33: [plmenu.amxx] Cmd: "TSM Leinho<1><STEAM_0:1:534159451><>" slap with 0 damage "TSM Leinho<1><STEAM_0:1:534159451><>"
L 04/16/2020 - 03:15:34: [plmenu.amxx] Cmd: "TSM Leinho<1><STEAM_0:1:534159451><>" slap with 0 damage "TSM Leinho<1><STEAM_0:1:534159451><>"
L 04/16/2020 - 03:15:34: [plmenu.amxx] Cmd: "TSM Leinho<1><STEAM_0:1:534159451><>" slap with 0 damage "TSM Leinho<1><STEAM_0:1:534159451><>"
L 04/16/2020 - 03:15:34: [plmenu.amxx] Cmd: "TSM Leinho<1><STEAM_0:1:534159451><>" slap with 0 damage "TSM Leinho<1><STEAM_0:1:534159451><>"
L 04/16/2020 - 03:15:34: [plmenu.amxx] Cmd: "TSM Leinho<1><STEAM_0:1:534159451><>" slap with 0 damage "TSM Leinho<1><STEAM_0:1:534159451><>"
L 04/16/2020 - 03:15:34: [plmenu.amxx] Cmd: "TSM Leinho<1><STEAM_0:1:534159451><>" slap with 0 damage "TSM Leinho<1><STEAM_0:1:534159451><>"
L 04/16/2020 - 03:18:18: [plmenu.amxx] Cmd: "TSM Leinho<1><STEAM_0:1:534159451><>" slap with 0 damage "FerPalacios<8><STEAM_0:1:157760795><>"
L 04/16/2020 - 03:18:18: [plmenu.amxx] Cmd: "TSM Leinho<1><STEAM_0:1:534159451><>" slap with 0 damage "FerPalacios<8><STEAM_0:1:157760795><>"
L 04/16/2020 - 03:18:19: [plmenu.amxx] Cmd: "TSM Leinho<1><STEAM_0:1:534159451><>" slap with 0 damage "FerPalacios<8><STEAM_0:1:157760795><>"
L 04/16/2020 - 03:18:19: [plmenu.amxx] Cmd: "TSM Leinho<1><STEAM_0:1:534159451><>" slap with 0 damage "FerPalacios<8><STEAM_0:1:157760795><>"
L 04/16/2020 - 03:18:19: [plmenu.amxx] Cmd: "TSM Leinho<1><STEAM_0:1:534159451><>" slap with 0 damage "FerPalacios<8><STEAM_0:1:157760795><>"
L 04/16/2020 - 03:18:19: [plmenu.amxx] Cmd: "TSM Leinho<1><STEAM_0:1:534159451><>" slap with 0 damage "FerPalacios<8><STEAM_0:1:157760795><>"
L 04/16/2020 - 03:18:19: [plmenu.amxx] Cmd: "TSM Leinho<1><STEAM_0:1:534159451><>" slap with 0 damage "FerPalacios<8><STEAM_0:1:157760795><>"
L 04/16/2020 - 03:18:19: [plmenu.amxx] Cmd: "TSM Leinho<1><STEAM_0:1:534159451><>" slap with 0 damage "FerPalacios<8><STEAM_0:1:157760795><>"
L 04/16/2020 - 03:18:19: [plmenu.amxx] Cmd: "TSM Leinho<1><STEAM_0:1:534159451><>" slap with 0 damage "FerPalacios<8><STEAM_0:1:157760795><>"
L 04/16/2020 - 03:18:24: [plmenu.amxx] Cmd: "TSM Leinho<1><STEAM_0:1:534159451><>" slap with 0 damage "FerPalacios<8><STEAM_0:1:157760795><>"
L 04/16/2020 - 03:18:24: [plmenu.amxx] Cmd: "TSM Leinho<1><STEAM_0:1:534159451><>" slap with 0 damage "FerPalacios<8><STEAM_0:1:157760795><>"
L 04/16/2020 - 03:18:48: -------- Mapchange to de_dust2_largo --------
L 04/16/2020 - 03:18:49: [admin.amxx] Login: "TSM Leinho<1><STEAM_0:1:534159451><>" became an admin (account "TSM Leinho") (access "abcdefghijklmnopqrstuv") (address "172.18.0.1")
L 04/16/2020 - 03:21:34: [plmenu.amxx] Cmd: "TSM Leinho<1><STEAM_0:1:534159451><>" transfer "TSM KBZ@<6><STEAM_0:0:123422662><>" (team "TERRORIST")
L 04/16/2020 - 03:40:44: [plmenu.amxx] Cmd: "TSM Leinho<1><STEAM_0:1:534159451><>" slap with 0 damage "TSM JB<3><STEAM_0:0:540163273><>"
L 04/16/2020 - 03:40:44: [plmenu.amxx] Cmd: "TSM Leinho<1><STEAM_0:1:534159451><>" slap with 0 damage "TSM JB<3><STEAM_0:0:540163273><>"
L 04/16/2020 - 03:40:44: [plmenu.amxx] Cmd: "TSM Leinho<1><STEAM_0:1:534159451><>" slap with 0 damage "TSM JB<3><STEAM_0:0:540163273><>"
L 04/16/2020 - 03:40:44: [plmenu.amxx] Cmd: "TSM Leinho<1><STEAM_0:1:534159451><>" slap with 0 damage "TSM JB<3><STEAM_0:0:540163273><>"
L 04/16/2020 - 03:40:44: [plmenu.amxx] Cmd: "TSM Leinho<1><STEAM_0:1:534159451><>" slap with 0 damage "TSM JB<3><STEAM_0:0:540163273><>"
L 04/16/2020 - 03:40:45: [plmenu.amxx] Cmd: "TSM Leinho<1><STEAM_0:1:534159451><>" slap with 0 damage "TSM JB<3><STEAM_0:0:540163273><>"
L 04/16/2020 - 03:40:45: [plmenu.amxx] Cmd: "TSM Leinho<1><STEAM_0:1:534159451><>" slap with 0 damage "TSM JB<3><STEAM_0:0:540163273><>"
L 04/16/2020 - 03:40:45: [plmenu.amxx] Cmd: "TSM Leinho<1><STEAM_0:1:534159451><>" slap with 0 damage "TSM JB<3><STEAM_0:0:540163273><>"
L 04/16/2020 - 03:40:49: [plmenu.amxx] Cmd: "TSM Leinho<1><STEAM_0:1:534159451><>" slap with 0 damage "TSM KBZ@<10><STEAM_0:0:123422662><>"
L 04/16/2020 - 03:40:49: [plmenu.amxx] Cmd: "TSM Leinho<1><STEAM_0:1:534159451><>" slap with 0 damage "TSM KBZ@<10><STEAM_0:0:123422662><>"
L 04/16/2020 - 03:40:50: [plmenu.amxx] Cmd: "TSM Leinho<1><STEAM_0:1:534159451><>" slap with 0 damage "TSM JB<3><STEAM_0:0:540163273><>"
L 04/16/2020 - 03:40:53: [plmenu.amxx] Cmd: "TSM Leinho<1><STEAM_0:1:534159451><>" slap with 0 damage "TSM JB<3><STEAM_0:0:540163273><>"
L 04/16/2020 - 03:40:53: [plmenu.amxx] Cmd: "TSM Leinho<1><STEAM_0:1:534159451><>" slap with 0 damage "TSM KBZ@<10><STEAM_0:0:123422662><>"
L 04/16/2020 - 03:40:53: [plmenu.amxx] Cmd: "TSM Leinho<1><STEAM_0:1:534159451><>" slap with 0 damage "TSM JB<3><STEAM_0:0:540163273><>"
L 04/16/2020 - 03:40:55: [plmenu.amxx] Cmd: "TSM Leinho<1><STEAM_0:1:534159451><>" slap with 0 damage "TSM JB<3><STEAM_0:0:540163273><>"
L 04/16/2020 - 03:40:55: [plmenu.amxx] Cmd: "TSM Leinho<1><STEAM_0:1:534159451><>" slap with 0 damage "TSM KBZ@<10><STEAM_0:0:123422662><>"
L 04/16/2020 - 03:40:55: [plmenu.amxx] Cmd: "TSM Leinho<1><STEAM_0:1:534159451><>" slap with 0 damage "TSM JB<3><STEAM_0:0:540163273><>"
L 04/16/2020 - 03:40:55: [plmenu.amxx] Cmd: "TSM Leinho<1><STEAM_0:1:534159451><>" slap with 0 damage "TSM KBZ@<10><STEAM_0:0:123422662><>"
L 04/16/2020 - 03:40:55: [plmenu.amxx] Cmd: "TSM Leinho<1><STEAM_0:1:534159451><>" slap with 0 damage "TSM JB<3><STEAM_0:0:540163273><>"
L 04/16/2020 - 03:40:56: [plmenu.amxx] Cmd: "TSM Leinho<1><STEAM_0:1:534159451><>" slap with 0 damage "TSM KBZ@<10><STEAM_0:0:123422662><>"
L 04/16/2020 - 03:40:56: [plmenu.amxx] Cmd: "TSM Leinho<1><STEAM_0:1:534159451><>" slap with 0 damage "TSM JB<3><STEAM_0:0:540163273><>"
L 04/16/2020 - 03:40:56: [plmenu.amxx] Cmd: "TSM Leinho<1><STEAM_0:1:534159451><>" slap with 0 damage "TSM KBZ@<10><STEAM_0:0:123422662><>"
L 04/16/2020 - 03:40:56: [plmenu.amxx] Cmd: "TSM Leinho<1><STEAM_0:1:534159451><>" slap with 0 damage "TSM JB<3><STEAM_0:0:540163273><>"
L 04/16/2020 - 03:40:56: [plmenu.amxx] Cmd: "TSM Leinho<1><STEAM_0:1:534159451><>" slap with 0 damage "TSM KBZ@<10><STEAM_0:0:123422662><>"
L 04/16/2020 - 03:40:57: [plmenu.amxx] Cmd: "TSM Leinho<1><STEAM_0:1:534159451><>" slap with 0 damage "TSM JB<3><STEAM_0:0:540163273><>"
L 04/16/2020 - 03:40:58: [plmenu.amxx] Cmd: "TSM Leinho<1><STEAM_0:1:534159451><>" slap with 0 damage "TSM KBZ@<10><STEAM_0:0:123422662><>"
L 04/16/2020 - 03:40:58: [plmenu.amxx] Cmd: "TSM Leinho<1><STEAM_0:1:534159451><>" slap with 0 damage "TSM JB<3><STEAM_0:0:540163273><>"
L 04/16/2020 - 03:41:06: [plmenu.amxx] Cmd: "TSM Leinho<1><STEAM_0:1:534159451><>" slap with 0 damage "TSM Leinho<1><STEAM_0:1:534159451><>"
L 04/16/2020 - 03:41:06: [plmenu.amxx] Cmd: "TSM Leinho<1><STEAM_0:1:534159451><>" slap with 0 damage "TSM JB<3><STEAM_0:0:540163273><>"
L 04/16/2020 - 03:41:06: [plmenu.amxx] Cmd: "TSM Leinho<1><STEAM_0:1:534159451><>" slap with 0 damage "TSM Leinho<1><STEAM_0:1:534159451><>"
L 04/16/2020 - 04:04:22: [admin.amxx] Login: "TSM Leinho<16><STEAM_0:1:534159451><>" became an admin (account "TSM Leinho") (access "abcdefghijklmnopqrstuv") (address "186.23.31.178")
L 04/16/2020 - 04:14:18: -------- Mapchange to de_dust2 --------
L 04/16/2020 - 04:14:19: [admin.amxx] Login: "TSM Leinho<16><STEAM_0:1:534159451><>" became an admin (account "TSM Leinho") (access "abcdefghijklmnopqrstuv") (address "186.23.31.178")
L 04/16/2020 - 04:20:59: [plmenu.amxx] Cmd: "TSM Leinho<16><STEAM_0:1:534159451><>" slap with 0 damage "zenk<32><STEAM_0:1:26662429><>"
L 04/16/2020 - 04:20:59: [plmenu.amxx] Cmd: "TSM Leinho<16><STEAM_0:1:534159451><>" slap with 0 damage "zenk<32><STEAM_0:1:26662429><>"
L 04/16/2020 - 04:20:59: [plmenu.amxx] Cmd: "TSM Leinho<16><STEAM_0:1:534159451><>" slap with 0 damage "zenk<32><STEAM_0:1:26662429><>"
L 04/16/2020 - 04:20:59: [plmenu.amxx] Cmd: "TSM Leinho<16><STEAM_0:1:534159451><>" slap with 0 damage "zenk<32><STEAM_0:1:26662429><>"
L 04/16/2020 - 04:20:59: [plmenu.amxx] Cmd: "TSM Leinho<16><STEAM_0:1:534159451><>" slap with 0 damage "zenk<32><STEAM_0:1:26662429><>"
L 04/16/2020 - 04:21:00: [plmenu.amxx] Cmd: "TSM Leinho<16><STEAM_0:1:534159451><>" slap with 0 damage "zenk<32><STEAM_0:1:26662429><>"
L 04/16/2020 - 04:21:00: [plmenu.amxx] Cmd: "TSM Leinho<16><STEAM_0:1:534159451><>" slap with 0 damage "zenk<32><STEAM_0:1:26662429><>"
L 04/16/2020 - 04:21:00: [plmenu.amxx] Cmd: "TSM Leinho<16><STEAM_0:1:534159451><>" slap with 0 damage "zenk<32><STEAM_0:1:26662429><>"
L 04/16/2020 - 04:21:07: [plmenu.amxx] Cmd: "TSM Leinho<16><STEAM_0:1:534159451><>" slap with 0 damage "zenk<32><STEAM_0:1:26662429><>"
L 04/16/2020 - 04:21:07: [plmenu.amxx] Cmd: "TSM Leinho<16><STEAM_0:1:534159451><>" slap with 0 damage "zenk<32><STEAM_0:1:26662429><>"
L 04/16/2020 - 04:21:07: [plmenu.amxx] Cmd: "TSM Leinho<16><STEAM_0:1:534159451><>" slap with 0 damage "zenk<32><STEAM_0:1:26662429><>"
L 04/16/2020 - 04:21:07: [plmenu.amxx] Cmd: "TSM Leinho<16><STEAM_0:1:534159451><>" slap with 0 damage "zenk<32><STEAM_0:1:26662429><>"
L 04/16/2020 - 04:21:16: [plmenu.amxx] Cmd: "TSM Leinho<16><STEAM_0:1:534159451><>" slap with 0 damage "TSM Leinho<16><STEAM_0:1:534159451><>"
L 04/16/2020 - 04:21:16: [plmenu.amxx] Cmd: "TSM Leinho<16><STEAM_0:1:534159451><>" slap with 0 damage "TSM Leinho<16><STEAM_0:1:534159451><>"
L 04/16/2020 - 04:21:16: [plmenu.amxx] Cmd: "TSM Leinho<16><STEAM_0:1:534159451><>" slap with 0 damage "TSM Leinho<16><STEAM_0:1:534159451><>"
L 04/16/2020 - 04:21:16: [plmenu.amxx] Cmd: "TSM Leinho<16><STEAM_0:1:534159451><>" slap with 0 damage "TSM Leinho<16><STEAM_0:1:534159451><>"
L 04/16/2020 - 04:21:16: [plmenu.amxx] Cmd: "TSM Leinho<16><STEAM_0:1:534159451><>" slap with 0 damage "TSM Leinho<16><STEAM_0:1:534159451><>"
L 04/16/2020 - 04:21:17: [plmenu.amxx] Cmd: "TSM Leinho<16><STEAM_0:1:534159451><>" slap with 0 damage "TSM Leinho<16><STEAM_0:1:534159451><>"
L 04/16/2020 - 04:21:17: [plmenu.amxx] Cmd: "TSM Leinho<16><STEAM_0:1:534159451><>" slap with 0 damage "TSM Leinho<16><STEAM_0:1:534159451><>"
L 04/16/2020 - 04:21:17: [plmenu.amxx] Cmd: "TSM Leinho<16><STEAM_0:1:534159451><>" slap with 0 damage "TSM Leinho<16><STEAM_0:1:534159451><>"
L 04/16/2020 - 04:21:17: [plmenu.amxx] Cmd: "TSM Leinho<16><STEAM_0:1:534159451><>" slap with 0 damage "TSM Leinho<16><STEAM_0:1:534159451><>"
L 04/16/2020 - 04:21:17: [plmenu.amxx] Cmd: "TSM Leinho<16><STEAM_0:1:534159451><>" slap with 0 damage "TSM Leinho<16><STEAM_0:1:534159451><>"
L 04/16/2020 - 04:29:17: [plmenu.amxx] Kick: "TSM Leinho<16><STEAM_0:1:534159451><>" kick "RjT- jUdaz<35><STEAM_0:0:538098961><>"
L 04/16/2020 - 04:29:33: [plmenu.amxx] Kick: "TSM Leinho<16><STEAM_0:1:534159451><>" kick "RjT- t1bek<43><STEAM_0:1:78826377><>"
L 04/16/2020 - 04:30:48: [adminchat.amxx] Chat: "Cuarentena San Martin<0><><>" tsay "Configurando server para cerrado . . ."
L 04/16/2020 - 04:30:48: [adminchat.amxx] Chat: "Cuarentena San Martin<0><><>" tsay "Configurando server para cerrado . . ."
L 04/16/2020 - 04:30:48: [adminchat.amxx] Chat: "Cuarentena San Martin<0><><>" tsay "Configurando server para cerrado . . ."
L 04/16/2020 - 04:30:48: [adminchat.amxx] Chat: "Cuarentena San Martin<0><><>" tsay "Configurando server para cerrado . . ."
L 04/16/2020 - 04:30:48: [adminchat.amxx] Chat: "Cuarentena San Martin<0><><>" tsay "Al Restart de 5 Vale"
L 04/16/2020 - 04:31:35: -------- Mapchange to de_dust2 --------
L 04/16/2020 - 04:31:36: [admin.amxx] Login: "TSM Leinho<16><STEAM_0:1:534159451><>" became an admin (account "TSM Leinho") (access "abcdefghijklmnopqrstuv") (address "186.23.31.178")
L 04/16/2020 - 04:31:36: [admin.amxx] Login: "TSM Leinho<16><STEAM_0:1:534159451><>" became an admin (account "TSM Leinho") (access "abcdefghijklmnopqrstuv") (address "186.23.31.178")
L 04/16/2020 - 04:31:47: [adminchat.amxx] Chat: "Cuarentena San Martin<0><><>" tsay "Al Restart de 5 Vale"
