L 06/01/2020 - 17:19:34: -------- Mapchange to de_dust2 --------
L 06/01/2020 - 17:23:08: -------- Mapchange to de_dust2 --------
L 06/01/2020 - 17:31:50: -------- Mapchange to de_dust2 --------
L 06/01/2020 - 17:41:41: [admin.amxx] Login: "TSM Leinho<1><STEAM_0:0:89555135><>" became an admin (account "TSM Leinho") (access "abcdefghijklmnopqrstuv") (address "181.229.208.121")
L 06/01/2020 - 17:49:53: [mapchooser.amxx] Vote: Voting for the nextmap started
L 06/01/2020 - 17:50:08: [mapchooser.amxx] Vote: Voting for the nextmap finished. The nextmap will be de_dust2
L 06/01/2020 - 17:52:02: -------- Mapchange to de_dust2 --------
L 06/01/2020 - 18:00:10: -------- Mapchange to de_dust2 --------
L 06/01/2020 - 18:02:26: [admin.amxx] Login: "TSM fROM<1><STEAM_0:0:89555135><>" became an admin (account "TSM fROM") (access "abcdefghijklmnopqrstuv") (address "181.229.208.121")
L 06/01/2020 - 18:03:25: [admincmd.amxx] Kick: "TSM fROM<1><STEAM_0:0:89555135><>" kick "TSM fROM<1><STEAM_0:0:89555135><>" (reason "")
L 06/01/2020 - 18:03:28: [admin.amxx] Login: "TSM fROM<2><STEAM_0:0:89555135><>" became an admin (account "TSM fROM") (access "abcdefghijklmnopqrstuv") (address "181.229.208.121")
L 06/01/2020 - 18:18:12: [mapchooser.amxx] Vote: Voting for the nextmap started
L 06/01/2020 - 18:18:27: [mapchooser.amxx] Vote: Voting for the nextmap finished. The nextmap will be de_dust2
L 06/01/2020 - 18:20:21: -------- Mapchange to de_dust2 --------
L 06/01/2020 - 18:20:22: [admin.amxx] Login: "TSM fROM<2><STEAM_0:0:89555135><>" became an admin (account "TSM fROM") (access "abcdefghijklmnopqrstuv") (address "181.229.208.121")
L 06/01/2020 - 18:38:21: [mapchooser.amxx] Vote: Voting for the nextmap started
L 06/01/2020 - 18:38:36: [mapchooser.amxx] Vote: Voting for the nextmap finished. The nextmap will be de_inferno
L 06/01/2020 - 18:40:30: -------- Mapchange to de_inferno --------
L 06/01/2020 - 18:40:31: [admin.amxx] Login: "TSM fROM<2><STEAM_0:0:89555135><>" became an admin (account "TSM fROM") (access "abcdefghijklmnopqrstuv") (address "181.229.208.121")
L 06/01/2020 - 18:58:30: [mapchooser.amxx] Vote: Voting for the nextmap started
L 06/01/2020 - 18:58:45: [mapchooser.amxx] Vote: Voting for the nextmap finished. The nextmap will be cs_assault
L 06/01/2020 - 19:00:39: -------- Mapchange to cs_assault --------
L 06/01/2020 - 19:00:40: [admin.amxx] Login: "TSM fROM<2><STEAM_0:0:89555135><>" became an admin (account "TSM fROM") (access "abcdefghijklmnopqrstuv") (address "181.229.208.121")
L 06/01/2020 - 19:16:06: [mapsmenu.amxx] Cmd: "TSM fROM<2><STEAM_0:0:89555135><>" changelevel "de_dust2"
L 06/01/2020 - 19:16:08: -------- Mapchange to de_dust2 --------
L 06/01/2020 - 19:16:09: [admin.amxx] Login: "TSM fROM<2><STEAM_0:0:89555135><>" became an admin (account "TSM fROM") (access "abcdefghijklmnopqrstuv") (address "181.229.208.121")
L 06/01/2020 - 19:22:45: [admin.amxx] Login: "TSM fROM<7><STEAM_0:0:89555135><>" became an admin (account "TSM fROM") (access "abcdefghijklmnopqrstuv") (address "181.229.208.121")
L 06/01/2020 - 19:22:53: [plmenu.amxx] Kick: "TSM fROM<7><STEAM_0:0:89555135><>" kick "TSM fROM<7><STEAM_0:0:89555135><>"
L 06/01/2020 - 19:22:56: [admin.amxx] Login: "TSM fROM<8><STEAM_0:0:89555135><>" became an admin (account "TSM fROM") (access "abcdefghijklmnopqrstuv") (address "181.229.208.121")
L 06/01/2020 - 20:00:10: [admin.amxx] Login: "TSM Peke<11><STEAM_0:1:540203910><>" became an admin (account "TSM Peke") (access "abcdefghijklmnopqrstuv") (address "190.190.253.242")
L 06/01/2020 - 20:00:13: [admin.amxx] Login: "TSM fROM<12><STEAM_0:0:89555135><>" became an admin (account "TSM fROM") (access "abcdefghijklmnopqrstuv") (address "181.229.208.121")
L 06/01/2020 - 20:04:01: -------- Mapchange to de_dust2 --------
L 06/01/2020 - 20:04:02: [admin.amxx] Login: "TSM fROM<12><STEAM_0:0:89555135><>" became an admin (account "TSM fROM") (access "abcdefghijklmnopqrstuv") (address "181.229.208.121")
L 06/01/2020 - 20:04:02: [admin.amxx] Login: "TSM Peke<11><STEAM_0:1:540203910><>" became an admin (account "TSM Peke") (access "abcdefghijklmnopqrstuv") (address "190.190.253.242")
L 06/01/2020 - 20:12:19: [admin.amxx] Login: "TSM Peke<15><STEAM_0:1:540203910><>" became an admin (account "TSM Peke") (access "abcdefghijklmnopqrstuv") (address "190.190.253.242")
L 06/01/2020 - 20:30:42: [mapchooser.amxx] Vote: Voting for the nextmap started
L 06/01/2020 - 20:30:57: [mapchooser.amxx] Vote: Voting for the nextmap finished. The nextmap will be cs_assault
L 06/01/2020 - 20:34:21: -------- Mapchange to de_dust2 --------
L 06/01/2020 - 20:35:47: [admin.amxx] Login: "TSM fROM<1><STEAM_0:0:89555135><>" became an admin (account "TSM fROM") (access "abcdefghijklmnopqrstuv") (address "181.229.208.121")
L 06/01/2020 - 20:45:32: [admin.amxx] Login: "TSM Luke<3><STEAM_0:1:170270347><>" became an admin (account "TSM Luke") (access "abcdefghijklmnopqrstuv") (address "190.190.209.115")
L 06/01/2020 - 20:52:39: [admincmd.amxx] Kick: "TSM Luke<3><STEAM_0:1:170270347><>" kick "TSM Luke<3><STEAM_0:1:170270347><>" (reason "")
L 06/01/2020 - 20:52:46: [admin.amxx] Login: "TSM Luke<4><STEAM_0:1:170270347><>" became an admin (account "TSM Luke") (access "abcdefghijklmnopqrstuv") (address "190.190.209.115")
L 06/01/2020 - 20:53:05: [admincmd.amxx] Cmd: "Golden Hour SM 1.6  [MIX/PCW]<0><><>" pause server
L 06/01/2020 - 20:53:06: [admincmd.amxx] Cmd: "Golden Hour SM 1.6  [MIX/PCW]<0><><>" unpause server
L 06/01/2020 - 21:02:38: -------- Mapchange to de_dust2 --------
L 06/01/2020 - 21:19:19: -------- Mapchange to de_dust2 --------
L 06/01/2020 - 21:20:10: [admin.amxx] Login: "TSM fROM<1><STEAM_0:0:89555135><>" became an admin (account "TSM fROM") (access "abcdefghijklmnopqrstuv") (address "181.229.208.121")
L 06/01/2020 - 21:22:21: [admin.amxx] Login: "TSM Leinho<2><VALVE_0:4:228719233><>" became an admin (account "TSM Leinho") (access "abcdefghijklmnopqrstuv") (address "186.23.31.178")
L 06/01/2020 - 21:24:42: [admin.amxx] Login: "TSM Luke<3><STEAM_0:1:170270347><>" became an admin (account "TSM Luke") (access "abcdefghijklmnopqrstuv") (address "190.190.209.115")
L 06/01/2020 - 21:31:09: [plmenu.amxx] Cmd: "TSM Luke<3><STEAM_0:1:170270347><>" slap with 0 damage "TSM Luke<3><STEAM_0:1:170270347><>"
L 06/01/2020 - 21:31:11: [plmenu.amxx] Cmd: "TSM Luke<3><STEAM_0:1:170270347><>" slap with 0 damage "TSM Luke<3><STEAM_0:1:170270347><>"
L 06/01/2020 - 21:31:12: [plmenu.amxx] Cmd: "TSM Luke<3><STEAM_0:1:170270347><>" slap with 0 damage "TSM Luke<3><STEAM_0:1:170270347><>"
L 06/01/2020 - 21:31:12: [plmenu.amxx] Cmd: "TSM Luke<3><STEAM_0:1:170270347><>" slap with 0 damage "TSM Luke<3><STEAM_0:1:170270347><>"
L 06/01/2020 - 21:31:12: [plmenu.amxx] Cmd: "TSM Luke<3><STEAM_0:1:170270347><>" slap with 0 damage "TSM Luke<3><STEAM_0:1:170270347><>"
L 06/01/2020 - 21:31:12: [plmenu.amxx] Cmd: "TSM Luke<3><STEAM_0:1:170270347><>" slap with 0 damage "TSM Luke<3><STEAM_0:1:170270347><>"
L 06/01/2020 - 21:31:13: [plmenu.amxx] Cmd: "TSM Luke<3><STEAM_0:1:170270347><>" slap with 0 damage "TSM Luke<3><STEAM_0:1:170270347><>"
L 06/01/2020 - 21:31:13: [plmenu.amxx] Cmd: "TSM Luke<3><STEAM_0:1:170270347><>" slap with 0 damage "TSM Luke<3><STEAM_0:1:170270347><>"
L 06/01/2020 - 21:31:13: [plmenu.amxx] Cmd: "TSM Luke<3><STEAM_0:1:170270347><>" slap with 0 damage "TSM Luke<3><STEAM_0:1:170270347><>"
L 06/01/2020 - 21:31:14: [plmenu.amxx] Cmd: "TSM Luke<3><STEAM_0:1:170270347><>" slap with 0 damage "TSM Luke<3><STEAM_0:1:170270347><>"
L 06/01/2020 - 21:31:38: [plmenu.amxx] Cmd: "TSM Luke<3><STEAM_0:1:170270347><>" slap with 0 damage "TSM Luke<3><STEAM_0:1:170270347><>"
L 06/01/2020 - 21:31:39: [plmenu.amxx] Cmd: "TSM Luke<3><STEAM_0:1:170270347><>" slap with 0 damage "TSM Luke<3><STEAM_0:1:170270347><>"
L 06/01/2020 - 21:31:39: [plmenu.amxx] Cmd: "TSM Luke<3><STEAM_0:1:170270347><>" slap with 0 damage "TSM Luke<3><STEAM_0:1:170270347><>"
L 06/01/2020 - 21:31:39: [plmenu.amxx] Cmd: "TSM Luke<3><STEAM_0:1:170270347><>" slap with 0 damage "TSM Luke<3><STEAM_0:1:170270347><>"
L 06/01/2020 - 21:31:39: [plmenu.amxx] Cmd: "TSM Luke<3><STEAM_0:1:170270347><>" slap with 0 damage "TSM Luke<3><STEAM_0:1:170270347><>"
L 06/01/2020 - 21:31:40: [plmenu.amxx] Cmd: "TSM Luke<3><STEAM_0:1:170270347><>" slap with 0 damage "TSM Luke<3><STEAM_0:1:170270347><>"
L 06/01/2020 - 21:31:40: [plmenu.amxx] Cmd: "TSM Luke<3><STEAM_0:1:170270347><>" slap with 0 damage "TSM Luke<3><STEAM_0:1:170270347><>"
L 06/01/2020 - 21:31:57: [plmenu.amxx] Cmd: "TSM Luke<3><STEAM_0:1:170270347><>" slap with 0 damage "TSM Luke<3><STEAM_0:1:170270347><>"
L 06/01/2020 - 21:31:57: [plmenu.amxx] Cmd: "TSM Luke<3><STEAM_0:1:170270347><>" slap with 0 damage "TSM Luke<3><STEAM_0:1:170270347><>"
L 06/01/2020 - 21:31:57: [plmenu.amxx] Cmd: "TSM Luke<3><STEAM_0:1:170270347><>" slap with 0 damage "TSM Luke<3><STEAM_0:1:170270347><>"
L 06/01/2020 - 21:31:57: [plmenu.amxx] Cmd: "TSM Luke<3><STEAM_0:1:170270347><>" slap with 0 damage "TSM Luke<3><STEAM_0:1:170270347><>"
L 06/01/2020 - 21:31:57: [plmenu.amxx] Cmd: "TSM Luke<3><STEAM_0:1:170270347><>" slap with 0 damage "TSM Luke<3><STEAM_0:1:170270347><>"
L 06/01/2020 - 21:32:22: [plmenu.amxx] Cmd: "TSM Luke<3><STEAM_0:1:170270347><>" slap with 0 damage "TSM Luke<3><STEAM_0:1:170270347><>"
L 06/01/2020 - 21:32:22: [plmenu.amxx] Cmd: "TSM Luke<3><STEAM_0:1:170270347><>" slap with 0 damage "TSM Luke<3><STEAM_0:1:170270347><>"
L 06/01/2020 - 21:32:22: [plmenu.amxx] Cmd: "TSM Luke<3><STEAM_0:1:170270347><>" slap with 0 damage "TSM Luke<3><STEAM_0:1:170270347><>"
L 06/01/2020 - 21:32:22: [plmenu.amxx] Cmd: "TSM Luke<3><STEAM_0:1:170270347><>" slap with 0 damage "TSM Luke<3><STEAM_0:1:170270347><>"
L 06/01/2020 - 21:32:22: [plmenu.amxx] Cmd: "TSM Luke<3><STEAM_0:1:170270347><>" slap with 0 damage "TSM Luke<3><STEAM_0:1:170270347><>"
L 06/01/2020 - 21:32:22: [plmenu.amxx] Cmd: "TSM Luke<3><STEAM_0:1:170270347><>" slap with 0 damage "TSM Luke<3><STEAM_0:1:170270347><>"
L 06/01/2020 - 21:32:23: [plmenu.amxx] Cmd: "TSM Luke<3><STEAM_0:1:170270347><>" slap with 0 damage "TSM Luke<3><STEAM_0:1:170270347><>"
L 06/01/2020 - 21:32:23: [plmenu.amxx] Cmd: "TSM Luke<3><STEAM_0:1:170270347><>" slap with 0 damage "TSM Luke<3><STEAM_0:1:170270347><>"
L 06/01/2020 - 21:32:23: [plmenu.amxx] Cmd: "TSM Luke<3><STEAM_0:1:170270347><>" slap with 0 damage "TSM Luke<3><STEAM_0:1:170270347><>"
L 06/01/2020 - 21:32:23: [plmenu.amxx] Cmd: "TSM Luke<3><STEAM_0:1:170270347><>" slap with 0 damage "TSM Luke<3><STEAM_0:1:170270347><>"
L 06/01/2020 - 21:32:23: [plmenu.amxx] Cmd: "TSM Luke<3><STEAM_0:1:170270347><>" slap with 0 damage "TSM Luke<3><STEAM_0:1:170270347><>"
L 06/01/2020 - 21:32:24: [plmenu.amxx] Cmd: "TSM Luke<3><STEAM_0:1:170270347><>" slap with 0 damage "TSM Luke<3><STEAM_0:1:170270347><>"
L 06/01/2020 - 21:32:24: [plmenu.amxx] Cmd: "TSM Luke<3><STEAM_0:1:170270347><>" slap with 0 damage "TSM Luke<3><STEAM_0:1:170270347><>"
L 06/01/2020 - 21:32:25: [plmenu.amxx] Cmd: "TSM Luke<3><STEAM_0:1:170270347><>" slap with 0 damage "TSM Luke<3><STEAM_0:1:170270347><>"
L 06/01/2020 - 21:32:25: [plmenu.amxx] Cmd: "TSM Luke<3><STEAM_0:1:170270347><>" slap with 0 damage "TSM Luke<3><STEAM_0:1:170270347><>"
L 06/01/2020 - 21:32:25: [plmenu.amxx] Cmd: "TSM Luke<3><STEAM_0:1:170270347><>" slap with 0 damage "TSM Luke<3><STEAM_0:1:170270347><>"
L 06/01/2020 - 21:32:26: [plmenu.amxx] Cmd: "TSM Luke<3><STEAM_0:1:170270347><>" slap with 0 damage "TSM Luke<3><STEAM_0:1:170270347><>"
L 06/01/2020 - 21:32:26: [plmenu.amxx] Cmd: "TSM Luke<3><STEAM_0:1:170270347><>" slap with 0 damage "TSM Luke<3><STEAM_0:1:170270347><>"
L 06/01/2020 - 21:32:26: [plmenu.amxx] Cmd: "TSM Luke<3><STEAM_0:1:170270347><>" slap with 0 damage "TSM Luke<3><STEAM_0:1:170270347><>"
L 06/01/2020 - 21:32:26: [plmenu.amxx] Cmd: "TSM Luke<3><STEAM_0:1:170270347><>" slap with 0 damage "TSM Luke<3><STEAM_0:1:170270347><>"
L 06/01/2020 - 21:32:27: [plmenu.amxx] Cmd: "TSM Luke<3><STEAM_0:1:170270347><>" slap with 0 damage "TSM Luke<3><STEAM_0:1:170270347><>"
L 06/01/2020 - 21:32:27: [plmenu.amxx] Cmd: "TSM Luke<3><STEAM_0:1:170270347><>" slap with 0 damage "TSM Luke<3><STEAM_0:1:170270347><>"
L 06/01/2020 - 21:32:27: [plmenu.amxx] Cmd: "TSM Luke<3><STEAM_0:1:170270347><>" slap with 0 damage "TSM Luke<3><STEAM_0:1:170270347><>"
L 06/01/2020 - 21:32:28: [plmenu.amxx] Cmd: "TSM Luke<3><STEAM_0:1:170270347><>" slap with 0 damage "TSM Luke<3><STEAM_0:1:170270347><>"
L 06/01/2020 - 21:32:29: [plmenu.amxx] Cmd: "TSM Luke<3><STEAM_0:1:170270347><>" slap with 0 damage "TSM Luke<3><STEAM_0:1:170270347><>"
L 06/01/2020 - 21:32:29: [plmenu.amxx] Cmd: "TSM Luke<3><STEAM_0:1:170270347><>" slap with 0 damage "TSM Luke<3><STEAM_0:1:170270347><>"
L 06/01/2020 - 21:32:29: [plmenu.amxx] Cmd: "TSM Luke<3><STEAM_0:1:170270347><>" slap with 0 damage "TSM Luke<3><STEAM_0:1:170270347><>"
L 06/01/2020 - 21:32:29: [plmenu.amxx] Cmd: "TSM Luke<3><STEAM_0:1:170270347><>" slap with 0 damage "TSM Luke<3><STEAM_0:1:170270347><>"
L 06/01/2020 - 21:32:29: [plmenu.amxx] Cmd: "TSM Luke<3><STEAM_0:1:170270347><>" slap with 0 damage "TSM Luke<3><STEAM_0:1:170270347><>"
L 06/01/2020 - 21:32:30: [plmenu.amxx] Cmd: "TSM Luke<3><STEAM_0:1:170270347><>" slap with 0 damage "TSM Luke<3><STEAM_0:1:170270347><>"
L 06/01/2020 - 21:32:30: [plmenu.amxx] Cmd: "TSM Luke<3><STEAM_0:1:170270347><>" slap with 0 damage "TSM Luke<3><STEAM_0:1:170270347><>"
L 06/01/2020 - 21:32:30: [plmenu.amxx] Cmd: "TSM Luke<3><STEAM_0:1:170270347><>" slap with 0 damage "TSM Luke<3><STEAM_0:1:170270347><>"
L 06/01/2020 - 21:32:30: [plmenu.amxx] Cmd: "TSM Luke<3><STEAM_0:1:170270347><>" slap with 0 damage "TSM Luke<3><STEAM_0:1:170270347><>"
L 06/01/2020 - 21:32:30: [plmenu.amxx] Cmd: "TSM Luke<3><STEAM_0:1:170270347><>" slap with 0 damage "TSM Luke<3><STEAM_0:1:170270347><>"
L 06/01/2020 - 21:32:32: [plmenu.amxx] Cmd: "TSM Luke<3><STEAM_0:1:170270347><>" slap with 0 damage "TSM Luke<3><STEAM_0:1:170270347><>"
L 06/01/2020 - 21:32:32: [plmenu.amxx] Cmd: "TSM Luke<3><STEAM_0:1:170270347><>" slap with 0 damage "TSM Luke<3><STEAM_0:1:170270347><>"
L 06/01/2020 - 21:32:32: [plmenu.amxx] Cmd: "TSM Luke<3><STEAM_0:1:170270347><>" slap with 0 damage "TSM Luke<3><STEAM_0:1:170270347><>"
L 06/01/2020 - 21:32:33: [plmenu.amxx] Cmd: "TSM Luke<3><STEAM_0:1:170270347><>" slap with 0 damage "TSM Luke<3><STEAM_0:1:170270347><>"
L 06/01/2020 - 21:32:33: [plmenu.amxx] Cmd: "TSM Luke<3><STEAM_0:1:170270347><>" slap with 0 damage "TSM Luke<3><STEAM_0:1:170270347><>"
L 06/01/2020 - 21:32:33: [plmenu.amxx] Cmd: "TSM Luke<3><STEAM_0:1:170270347><>" slap with 0 damage "TSM Luke<3><STEAM_0:1:170270347><>"
L 06/01/2020 - 21:32:33: [plmenu.amxx] Cmd: "TSM Luke<3><STEAM_0:1:170270347><>" slap with 0 damage "TSM Luke<3><STEAM_0:1:170270347><>"
L 06/01/2020 - 21:32:33: [plmenu.amxx] Cmd: "TSM Luke<3><STEAM_0:1:170270347><>" slap with 0 damage "TSM Luke<3><STEAM_0:1:170270347><>"
L 06/01/2020 - 21:32:33: [plmenu.amxx] Cmd: "TSM Luke<3><STEAM_0:1:170270347><>" slap with 0 damage "TSM Luke<3><STEAM_0:1:170270347><>"
L 06/01/2020 - 21:32:34: [plmenu.amxx] Cmd: "TSM Luke<3><STEAM_0:1:170270347><>" slap with 0 damage "TSM Luke<3><STEAM_0:1:170270347><>"
L 06/01/2020 - 21:32:34: [plmenu.amxx] Cmd: "TSM Luke<3><STEAM_0:1:170270347><>" slap with 0 damage "TSM Luke<3><STEAM_0:1:170270347><>"
L 06/01/2020 - 21:32:34: [plmenu.amxx] Cmd: "TSM Luke<3><STEAM_0:1:170270347><>" slap with 0 damage "TSM Luke<3><STEAM_0:1:170270347><>"
L 06/01/2020 - 21:32:34: [plmenu.amxx] Cmd: "TSM Luke<3><STEAM_0:1:170270347><>" slap with 0 damage "TSM Luke<3><STEAM_0:1:170270347><>"
L 06/01/2020 - 21:32:34: [plmenu.amxx] Cmd: "TSM Luke<3><STEAM_0:1:170270347><>" slap with 0 damage "TSM Luke<3><STEAM_0:1:170270347><>"
L 06/01/2020 - 21:32:35: [plmenu.amxx] Cmd: "TSM Luke<3><STEAM_0:1:170270347><>" slap with 0 damage "TSM Luke<3><STEAM_0:1:170270347><>"
L 06/01/2020 - 21:32:35: [plmenu.amxx] Cmd: "TSM Luke<3><STEAM_0:1:170270347><>" slap with 0 damage "TSM Luke<3><STEAM_0:1:170270347><>"
L 06/01/2020 - 21:32:35: [plmenu.amxx] Cmd: "TSM Luke<3><STEAM_0:1:170270347><>" slap with 0 damage "TSM Luke<3><STEAM_0:1:170270347><>"
L 06/01/2020 - 21:32:35: [plmenu.amxx] Cmd: "TSM Luke<3><STEAM_0:1:170270347><>" slap with 0 damage "TSM Luke<3><STEAM_0:1:170270347><>"
L 06/01/2020 - 21:32:35: [plmenu.amxx] Cmd: "TSM Luke<3><STEAM_0:1:170270347><>" slap with 0 damage "TSM Luke<3><STEAM_0:1:170270347><>"
L 06/01/2020 - 21:32:36: [plmenu.amxx] Cmd: "TSM Luke<3><STEAM_0:1:170270347><>" slap with 0 damage "TSM Luke<3><STEAM_0:1:170270347><>"
L 06/01/2020 - 21:32:36: [plmenu.amxx] Cmd: "TSM Luke<3><STEAM_0:1:170270347><>" slap with 0 damage "TSM Luke<3><STEAM_0:1:170270347><>"
L 06/01/2020 - 21:32:36: [plmenu.amxx] Cmd: "TSM Luke<3><STEAM_0:1:170270347><>" slap with 0 damage "TSM Luke<3><STEAM_0:1:170270347><>"
L 06/01/2020 - 21:32:36: [plmenu.amxx] Cmd: "TSM Luke<3><STEAM_0:1:170270347><>" slap with 0 damage "TSM Luke<3><STEAM_0:1:170270347><>"
L 06/01/2020 - 21:32:36: [plmenu.amxx] Cmd: "TSM Luke<3><STEAM_0:1:170270347><>" slap with 0 damage "TSM Luke<3><STEAM_0:1:170270347><>"
L 06/01/2020 - 21:32:37: [plmenu.amxx] Cmd: "TSM Luke<3><STEAM_0:1:170270347><>" slap with 0 damage "TSM Luke<3><STEAM_0:1:170270347><>"
L 06/01/2020 - 21:32:37: [plmenu.amxx] Cmd: "TSM Luke<3><STEAM_0:1:170270347><>" slap with 0 damage "TSM Luke<3><STEAM_0:1:170270347><>"
L 06/01/2020 - 21:32:37: [plmenu.amxx] Cmd: "TSM Luke<3><STEAM_0:1:170270347><>" slap with 0 damage "TSM Luke<3><STEAM_0:1:170270347><>"
L 06/01/2020 - 21:32:38: [plmenu.amxx] Cmd: "TSM Luke<3><STEAM_0:1:170270347><>" slap with 0 damage "TSM Luke<3><STEAM_0:1:170270347><>"
L 06/01/2020 - 21:32:38: [plmenu.amxx] Cmd: "TSM Luke<3><STEAM_0:1:170270347><>" slap with 0 damage "TSM Luke<3><STEAM_0:1:170270347><>"
L 06/01/2020 - 21:32:38: [plmenu.amxx] Cmd: "TSM Luke<3><STEAM_0:1:170270347><>" slap with 0 damage "TSM Luke<3><STEAM_0:1:170270347><>"
L 06/01/2020 - 21:32:38: [plmenu.amxx] Cmd: "TSM Luke<3><STEAM_0:1:170270347><>" slap with 0 damage "TSM Luke<3><STEAM_0:1:170270347><>"
L 06/01/2020 - 21:32:38: [plmenu.amxx] Cmd: "TSM Luke<3><STEAM_0:1:170270347><>" slap with 0 damage "TSM Luke<3><STEAM_0:1:170270347><>"
L 06/01/2020 - 21:32:39: [plmenu.amxx] Cmd: "TSM Luke<3><STEAM_0:1:170270347><>" slap with 0 damage "TSM Luke<3><STEAM_0:1:170270347><>"
L 06/01/2020 - 21:33:14: [plmenu.amxx] Cmd: "TSM Luke<3><STEAM_0:1:170270347><>" slap with 0 damage "TSM Luke<3><STEAM_0:1:170270347><>"
L 06/01/2020 - 21:33:14: [plmenu.amxx] Cmd: "TSM Luke<3><STEAM_0:1:170270347><>" slap with 0 damage "TSM Luke<3><STEAM_0:1:170270347><>"
L 06/01/2020 - 21:33:15: [plmenu.amxx] Cmd: "TSM Luke<3><STEAM_0:1:170270347><>" slap with 0 damage "TSM Luke<3><STEAM_0:1:170270347><>"
L 06/01/2020 - 21:33:15: [plmenu.amxx] Cmd: "TSM Luke<3><STEAM_0:1:170270347><>" slap with 0 damage "TSM Luke<3><STEAM_0:1:170270347><>"
L 06/01/2020 - 21:33:15: [plmenu.amxx] Cmd: "TSM Luke<3><STEAM_0:1:170270347><>" slap with 0 damage "TSM Luke<3><STEAM_0:1:170270347><>"
L 06/01/2020 - 21:33:16: [plmenu.amxx] Cmd: "TSM Luke<3><STEAM_0:1:170270347><>" slap with 0 damage "TSM Luke<3><STEAM_0:1:170270347><>"
L 06/01/2020 - 21:33:16: [plmenu.amxx] Cmd: "TSM Luke<3><STEAM_0:1:170270347><>" slap with 0 damage "TSM Luke<3><STEAM_0:1:170270347><>"
L 06/01/2020 - 21:33:16: [plmenu.amxx] Cmd: "TSM Luke<3><STEAM_0:1:170270347><>" slap with 0 damage "TSM Luke<3><STEAM_0:1:170270347><>"
L 06/01/2020 - 21:33:16: [plmenu.amxx] Cmd: "TSM Luke<3><STEAM_0:1:170270347><>" slap with 0 damage "TSM Luke<3><STEAM_0:1:170270347><>"
L 06/01/2020 - 21:33:17: [plmenu.amxx] Cmd: "TSM Luke<3><STEAM_0:1:170270347><>" slap with 0 damage "TSM Luke<3><STEAM_0:1:170270347><>"
L 06/01/2020 - 21:33:17: [plmenu.amxx] Cmd: "TSM Luke<3><STEAM_0:1:170270347><>" slap with 0 damage "TSM Luke<3><STEAM_0:1:170270347><>"
L 06/01/2020 - 21:33:19: [plmenu.amxx] Cmd: "TSM Luke<3><STEAM_0:1:170270347><>" slap with 0 damage "TSM Luke<3><STEAM_0:1:170270347><>"
L 06/01/2020 - 21:33:19: [plmenu.amxx] Cmd: "TSM Luke<3><STEAM_0:1:170270347><>" slap with 0 damage "TSM Luke<3><STEAM_0:1:170270347><>"
L 06/01/2020 - 21:33:19: [plmenu.amxx] Cmd: "TSM Luke<3><STEAM_0:1:170270347><>" slap with 0 damage "TSM Luke<3><STEAM_0:1:170270347><>"
