L 04/17/2020 - 01:52:17: -------- Mapchange to de_dust2 --------
L 04/17/2020 - 01:52:19: -------- Mapchange to de_dust2 --------
L 04/17/2020 - 01:53:42: -------- Mapchange to de_dust2 --------
L 04/17/2020 - 01:53:43: -------- Mapchange to de_dust2 --------
L 04/17/2020 - 01:56:00: [admin.amxx] Login: "TSM Luke<1><STEAM_0:1:170270347><>" became an admin (account "TSM Luke") (access "abcdefghijklmnopqrstuv") (address "190.190.209.115")
L 04/17/2020 - 01:57:16: [admincmd.amxx] Kick: "TSM Luke<1><STEAM_0:1:170270347><>" kick "TSM Luke<1><STEAM_0:1:170270347><>" (reason "")
L 04/17/2020 - 01:57:19: [admin.amxx] Login: "TSM Luke<2><STEAM_0:1:170270347><>" became an admin (account "TSM Luke") (access "abcdefghijklmnopqrstuv") (address "190.190.209.115")
L 04/17/2020 - 02:00:18: [admincmd.amxx] Cmd: "Cuarentena San Martin<0><><>" pause server
L 04/17/2020 - 02:00:21: [admincmd.amxx] Cmd: "Cuarentena San Martin<0><><>" unpause server
L 04/17/2020 - 02:00:51: [admin.amxx] Login: "TSM Luke<3><STEAM_0:1:170270347><>" became an admin (account "TSM Luke") (access "abcdefghijklmnopqrstuv") (address "190.190.209.115")
L 04/17/2020 - 02:01:00: [admin.amxx] Login: "TSM Luke<4><STEAM_0:1:170270347><>" became an admin (account "TSM Luke") (access "abcdefghijklmnopqrstuv") (address "190.190.209.115")
L 04/17/2020 - 02:01:43: [adminchat.amxx] Chat: "Cuarentena San Martin<0><><>" tsay "- Config Practice Cargada! -"
L 04/17/2020 - 02:01:43: [adminchat.amxx] Chat: "Cuarentena San Martin<0><><>" tsay "- Config Practice Cargada! -"
L 04/17/2020 - 02:01:43: [adminchat.amxx] Chat: "Cuarentena San Martin<0><><>" tsay "- Config Practice Cargada! -"
L 04/17/2020 - 02:01:43: [adminchat.amxx] Chat: "Cuarentena San Martin<0><><>" tsay "- Config Practice Cargada! -"
L 04/17/2020 - 02:02:10: [admin.amxx] Login: "TSM JB<5><STEAM_0:0:540163273><>" kicked due to invalid password (account "TSM JB") (address "190.190.209.82")
L 04/17/2020 - 02:02:14: [admin.amxx] Login: "TSM JB<6><STEAM_0:0:540163273><>" kicked due to invalid password (account "TSM JB") (address "190.190.209.82")
L 04/17/2020 - 02:02:17: [admin.amxx] Login: "TSM JB<7><STEAM_0:0:540163273><>" kicked due to invalid password (account "TSM JB") (address "190.190.209.82")
L 04/17/2020 - 02:02:21: [admin.amxx] Login: "TSM JB<8><STEAM_0:0:540163273><>" kicked due to invalid password (account "TSM JB") (address "190.190.209.82")
L 04/17/2020 - 02:03:31: [admin.amxx] Login: "TSM JB<9><STEAM_0:0:540163273><>" became an admin (account "TSM JB") (access "abcdefghijklmnopqrstuv") (address "190.190.209.82")
L 04/17/2020 - 02:04:36: [plmenu.amxx] Cmd: "TSM JB<9><STEAM_0:0:540163273><>" slap with 0 damage "TSM JB<9><STEAM_0:0:540163273><>"
L 04/17/2020 - 02:04:36: [plmenu.amxx] Cmd: "TSM JB<9><STEAM_0:0:540163273><>" slap with 0 damage "TSM JB<9><STEAM_0:0:540163273><>"
L 04/17/2020 - 02:04:36: [plmenu.amxx] Cmd: "TSM JB<9><STEAM_0:0:540163273><>" slap with 0 damage "TSM JB<9><STEAM_0:0:540163273><>"
L 04/17/2020 - 02:04:36: [plmenu.amxx] Cmd: "TSM JB<9><STEAM_0:0:540163273><>" slap with 0 damage "TSM JB<9><STEAM_0:0:540163273><>"
L 04/17/2020 - 02:04:37: [plmenu.amxx] Cmd: "TSM JB<9><STEAM_0:0:540163273><>" slap with 0 damage "TSM JB<9><STEAM_0:0:540163273><>"
L 04/17/2020 - 02:04:37: [plmenu.amxx] Cmd: "TSM JB<9><STEAM_0:0:540163273><>" slap with 0 damage "TSM JB<9><STEAM_0:0:540163273><>"
L 04/17/2020 - 02:04:37: [plmenu.amxx] Cmd: "TSM JB<9><STEAM_0:0:540163273><>" slap with 0 damage "TSM JB<9><STEAM_0:0:540163273><>"
L 04/17/2020 - 02:04:37: [plmenu.amxx] Cmd: "TSM JB<9><STEAM_0:0:540163273><>" slap with 0 damage "TSM JB<9><STEAM_0:0:540163273><>"
L 04/17/2020 - 02:04:37: [plmenu.amxx] Cmd: "TSM JB<9><STEAM_0:0:540163273><>" slap with 0 damage "TSM JB<9><STEAM_0:0:540163273><>"
L 04/17/2020 - 02:04:38: [plmenu.amxx] Cmd: "TSM JB<9><STEAM_0:0:540163273><>" slap with 0 damage "TSM JB<9><STEAM_0:0:540163273><>"
L 04/17/2020 - 02:04:38: [plmenu.amxx] Cmd: "TSM JB<9><STEAM_0:0:540163273><>" slap with 0 damage "TSM JB<9><STEAM_0:0:540163273><>"
L 04/17/2020 - 02:04:38: [plmenu.amxx] Cmd: "TSM JB<9><STEAM_0:0:540163273><>" slap with 0 damage "TSM JB<9><STEAM_0:0:540163273><>"
L 04/17/2020 - 02:04:38: [plmenu.amxx] Cmd: "TSM JB<9><STEAM_0:0:540163273><>" slap with 0 damage "TSM JB<9><STEAM_0:0:540163273><>"
L 04/17/2020 - 02:04:38: [plmenu.amxx] Cmd: "TSM JB<9><STEAM_0:0:540163273><>" slap with 0 damage "TSM JB<9><STEAM_0:0:540163273><>"
L 04/17/2020 - 02:04:39: [plmenu.amxx] Cmd: "TSM JB<9><STEAM_0:0:540163273><>" slap with 0 damage "TSM JB<9><STEAM_0:0:540163273><>"
L 04/17/2020 - 02:04:39: [plmenu.amxx] Cmd: "TSM JB<9><STEAM_0:0:540163273><>" slap with 0 damage "TSM JB<9><STEAM_0:0:540163273><>"
L 04/17/2020 - 02:04:39: [plmenu.amxx] Cmd: "TSM JB<9><STEAM_0:0:540163273><>" slap with 0 damage "TSM JB<9><STEAM_0:0:540163273><>"
L 04/17/2020 - 02:04:39: [plmenu.amxx] Cmd: "TSM JB<9><STEAM_0:0:540163273><>" slap with 0 damage "TSM JB<9><STEAM_0:0:540163273><>"
L 04/17/2020 - 02:04:39: [plmenu.amxx] Cmd: "TSM JB<9><STEAM_0:0:540163273><>" slap with 0 damage "TSM JB<9><STEAM_0:0:540163273><>"
L 04/17/2020 - 02:04:40: [plmenu.amxx] Cmd: "TSM JB<9><STEAM_0:0:540163273><>" slap with 0 damage "TSM JB<9><STEAM_0:0:540163273><>"
L 04/17/2020 - 02:04:40: [plmenu.amxx] Cmd: "TSM JB<9><STEAM_0:0:540163273><>" slap with 0 damage "TSM JB<9><STEAM_0:0:540163273><>"
L 04/17/2020 - 02:04:40: [plmenu.amxx] Cmd: "TSM JB<9><STEAM_0:0:540163273><>" slap with 0 damage "TSM JB<9><STEAM_0:0:540163273><>"
L 04/17/2020 - 02:04:40: [plmenu.amxx] Cmd: "TSM JB<9><STEAM_0:0:540163273><>" slap with 0 damage "TSM JB<9><STEAM_0:0:540163273><>"
L 04/17/2020 - 02:04:40: [plmenu.amxx] Cmd: "TSM JB<9><STEAM_0:0:540163273><>" slap with 0 damage "TSM JB<9><STEAM_0:0:540163273><>"
L 04/17/2020 - 02:04:41: [plmenu.amxx] Cmd: "TSM JB<9><STEAM_0:0:540163273><>" slap with 0 damage "TSM JB<9><STEAM_0:0:540163273><>"
L 04/17/2020 - 02:04:41: [plmenu.amxx] Cmd: "TSM JB<9><STEAM_0:0:540163273><>" slap with 0 damage "TSM JB<9><STEAM_0:0:540163273><>"
L 04/17/2020 - 02:04:41: [plmenu.amxx] Cmd: "TSM JB<9><STEAM_0:0:540163273><>" slap with 0 damage "TSM JB<9><STEAM_0:0:540163273><>"
L 04/17/2020 - 02:04:41: [plmenu.amxx] Cmd: "TSM JB<9><STEAM_0:0:540163273><>" slap with 0 damage "TSM JB<9><STEAM_0:0:540163273><>"
L 04/17/2020 - 02:04:42: [plmenu.amxx] Cmd: "TSM JB<9><STEAM_0:0:540163273><>" slap with 0 damage "TSM JB<9><STEAM_0:0:540163273><>"
L 04/17/2020 - 02:04:42: [plmenu.amxx] Cmd: "TSM JB<9><STEAM_0:0:540163273><>" slap with 0 damage "TSM JB<9><STEAM_0:0:540163273><>"
L 04/17/2020 - 02:04:42: [plmenu.amxx] Cmd: "TSM JB<9><STEAM_0:0:540163273><>" slap with 0 damage "TSM JB<9><STEAM_0:0:540163273><>"
L 04/17/2020 - 02:04:42: [plmenu.amxx] Cmd: "TSM JB<9><STEAM_0:0:540163273><>" slap with 0 damage "TSM JB<9><STEAM_0:0:540163273><>"
L 04/17/2020 - 02:04:43: [plmenu.amxx] Cmd: "TSM JB<9><STEAM_0:0:540163273><>" slap with 0 damage "TSM JB<9><STEAM_0:0:540163273><>"
L 04/17/2020 - 02:04:43: [plmenu.amxx] Cmd: "TSM JB<9><STEAM_0:0:540163273><>" slap with 0 damage "TSM JB<9><STEAM_0:0:540163273><>"
L 04/17/2020 - 02:04:43: [plmenu.amxx] Cmd: "TSM JB<9><STEAM_0:0:540163273><>" slap with 0 damage "TSM JB<9><STEAM_0:0:540163273><>"
L 04/17/2020 - 02:04:43: [plmenu.amxx] Cmd: "TSM JB<9><STEAM_0:0:540163273><>" slap with 0 damage "TSM JB<9><STEAM_0:0:540163273><>"
L 04/17/2020 - 02:04:43: [plmenu.amxx] Cmd: "TSM JB<9><STEAM_0:0:540163273><>" slap with 0 damage "TSM JB<9><STEAM_0:0:540163273><>"
L 04/17/2020 - 02:04:44: [plmenu.amxx] Cmd: "TSM JB<9><STEAM_0:0:540163273><>" slap with 0 damage "TSM JB<9><STEAM_0:0:540163273><>"
L 04/17/2020 - 02:04:44: [plmenu.amxx] Cmd: "TSM JB<9><STEAM_0:0:540163273><>" slap with 0 damage "TSM JB<9><STEAM_0:0:540163273><>"
L 04/17/2020 - 02:04:45: [plmenu.amxx] Cmd: "TSM JB<9><STEAM_0:0:540163273><>" slap with 0 damage "TSM JB<9><STEAM_0:0:540163273><>"
L 04/17/2020 - 02:04:45: [plmenu.amxx] Cmd: "TSM JB<9><STEAM_0:0:540163273><>" slap with 0 damage "TSM JB<9><STEAM_0:0:540163273><>"
L 04/17/2020 - 02:04:46: [plmenu.amxx] Cmd: "TSM JB<9><STEAM_0:0:540163273><>" slap with 0 damage "TSM JB<9><STEAM_0:0:540163273><>"
L 04/17/2020 - 02:04:47: [plmenu.amxx] Cmd: "TSM JB<9><STEAM_0:0:540163273><>" slap with 0 damage "TSM JB<9><STEAM_0:0:540163273><>"
L 04/17/2020 - 02:04:47: [plmenu.amxx] Cmd: "TSM JB<9><STEAM_0:0:540163273><>" slap with 0 damage "TSM JB<9><STEAM_0:0:540163273><>"
L 04/17/2020 - 02:04:48: [plmenu.amxx] Cmd: "TSM JB<9><STEAM_0:0:540163273><>" slap with 0 damage "TSM JB<9><STEAM_0:0:540163273><>"
L 04/17/2020 - 02:04:48: [plmenu.amxx] Cmd: "TSM JB<9><STEAM_0:0:540163273><>" slap with 0 damage "TSM JB<9><STEAM_0:0:540163273><>"
L 04/17/2020 - 02:04:48: [plmenu.amxx] Cmd: "TSM JB<9><STEAM_0:0:540163273><>" slap with 0 damage "TSM JB<9><STEAM_0:0:540163273><>"
L 04/17/2020 - 02:04:49: [plmenu.amxx] Cmd: "TSM JB<9><STEAM_0:0:540163273><>" slap with 0 damage "TSM JB<9><STEAM_0:0:540163273><>"
L 04/17/2020 - 02:04:49: [plmenu.amxx] Cmd: "TSM JB<9><STEAM_0:0:540163273><>" slap with 0 damage "TSM JB<9><STEAM_0:0:540163273><>"
L 04/17/2020 - 02:04:49: [plmenu.amxx] Cmd: "TSM JB<9><STEAM_0:0:540163273><>" slap with 0 damage "TSM JB<9><STEAM_0:0:540163273><>"
L 04/17/2020 - 02:04:53: [plmenu.amxx] Cmd: "TSM JB<9><STEAM_0:0:540163273><>" slay "TSM JB<9><STEAM_0:0:540163273><>"
L 04/17/2020 - 02:08:19: [admin.amxx] Login: "TSM KBZ@<11><STEAM_0:0:123422662><>" kicked due to invalid password (account "TSM KBZ@") (address "200.125.121.160")
L 04/17/2020 - 02:08:21: [admin.amxx] Login: "TSM KBZ@<12><STEAM_0:0:123422662><>" became an admin (account "TSM KBZ@") (access "abcdefghijklmnopqrstuv") (address "200.125.121.160")
L 04/17/2020 - 02:08:38: [plmenu.amxx] Cmd: "TSM KBZ@<12><STEAM_0:0:123422662><>" slap with 0 damage "TSM KBZ@<12><STEAM_0:0:123422662><>"
L 04/17/2020 - 02:08:38: [plmenu.amxx] Cmd: "TSM KBZ@<12><STEAM_0:0:123422662><>" slap with 0 damage "TSM KBZ@<12><STEAM_0:0:123422662><>"
L 04/17/2020 - 02:08:38: [plmenu.amxx] Cmd: "TSM KBZ@<12><STEAM_0:0:123422662><>" slap with 0 damage "TSM KBZ@<12><STEAM_0:0:123422662><>"
L 04/17/2020 - 02:08:38: [plmenu.amxx] Cmd: "TSM KBZ@<12><STEAM_0:0:123422662><>" slap with 0 damage "TSM KBZ@<12><STEAM_0:0:123422662><>"
L 04/17/2020 - 02:08:38: [plmenu.amxx] Cmd: "TSM KBZ@<12><STEAM_0:0:123422662><>" slap with 0 damage "TSM KBZ@<12><STEAM_0:0:123422662><>"
L 04/17/2020 - 02:08:39: [plmenu.amxx] Cmd: "TSM KBZ@<12><STEAM_0:0:123422662><>" slap with 0 damage "TSM KBZ@<12><STEAM_0:0:123422662><>"
L 04/17/2020 - 02:08:39: [plmenu.amxx] Cmd: "TSM KBZ@<12><STEAM_0:0:123422662><>" slap with 0 damage "TSM KBZ@<12><STEAM_0:0:123422662><>"
L 04/17/2020 - 02:08:39: [plmenu.amxx] Cmd: "TSM KBZ@<12><STEAM_0:0:123422662><>" slap with 0 damage "TSM KBZ@<12><STEAM_0:0:123422662><>"
L 04/17/2020 - 02:08:39: [plmenu.amxx] Cmd: "TSM KBZ@<12><STEAM_0:0:123422662><>" slap with 0 damage "TSM KBZ@<12><STEAM_0:0:123422662><>"
L 04/17/2020 - 02:08:39: [plmenu.amxx] Cmd: "TSM KBZ@<12><STEAM_0:0:123422662><>" slap with 0 damage "TSM KBZ@<12><STEAM_0:0:123422662><>"
L 04/17/2020 - 02:08:39: [plmenu.amxx] Cmd: "TSM KBZ@<12><STEAM_0:0:123422662><>" slap with 0 damage "TSM KBZ@<12><STEAM_0:0:123422662><>"
L 04/17/2020 - 02:08:39: [plmenu.amxx] Cmd: "TSM KBZ@<12><STEAM_0:0:123422662><>" slap with 0 damage "TSM KBZ@<12><STEAM_0:0:123422662><>"
L 04/17/2020 - 02:08:40: [plmenu.amxx] Cmd: "TSM KBZ@<12><STEAM_0:0:123422662><>" slap with 0 damage "TSM KBZ@<12><STEAM_0:0:123422662><>"
L 04/17/2020 - 02:08:40: [plmenu.amxx] Cmd: "TSM KBZ@<12><STEAM_0:0:123422662><>" slap with 0 damage "TSM KBZ@<12><STEAM_0:0:123422662><>"
L 04/17/2020 - 02:08:40: [plmenu.amxx] Cmd: "TSM KBZ@<12><STEAM_0:0:123422662><>" slap with 0 damage "TSM KBZ@<12><STEAM_0:0:123422662><>"
L 04/17/2020 - 02:08:42: [plmenu.amxx] Cmd: "TSM KBZ@<12><STEAM_0:0:123422662><>" slap with 0 damage "TSM KBZ@<12><STEAM_0:0:123422662><>"
L 04/17/2020 - 02:08:42: [plmenu.amxx] Cmd: "TSM KBZ@<12><STEAM_0:0:123422662><>" slap with 0 damage "TSM KBZ@<12><STEAM_0:0:123422662><>"
L 04/17/2020 - 02:08:42: [plmenu.amxx] Cmd: "TSM KBZ@<12><STEAM_0:0:123422662><>" slap with 0 damage "TSM KBZ@<12><STEAM_0:0:123422662><>"
L 04/17/2020 - 02:08:42: [plmenu.amxx] Cmd: "TSM KBZ@<12><STEAM_0:0:123422662><>" slap with 0 damage "TSM KBZ@<12><STEAM_0:0:123422662><>"
L 04/17/2020 - 02:08:42: [plmenu.amxx] Cmd: "TSM KBZ@<12><STEAM_0:0:123422662><>" slap with 0 damage "TSM KBZ@<12><STEAM_0:0:123422662><>"
L 04/17/2020 - 02:22:39: [plmenu.amxx] Cmd: "TSM Luke<4><STEAM_0:1:170270347><>" slay "JuampiRojas<13><STEAM_0:1:484496939><>"
L 04/17/2020 - 02:23:42: [plmenu.amxx] Cmd: "TSM Luke<4><STEAM_0:1:170270347><>" slap with 0 damage "JuampiRojas<13><STEAM_0:1:484496939><>"
L 04/17/2020 - 02:23:43: [plmenu.amxx] Cmd: "TSM Luke<4><STEAM_0:1:170270347><>" slap with 0 damage "JuampiRojas<13><STEAM_0:1:484496939><>"
L 04/17/2020 - 02:23:43: [plmenu.amxx] Cmd: "TSM Luke<4><STEAM_0:1:170270347><>" slap with 0 damage "JuampiRojas<13><STEAM_0:1:484496939><>"
L 04/17/2020 - 02:23:43: [plmenu.amxx] Cmd: "TSM Luke<4><STEAM_0:1:170270347><>" slap with 0 damage "JuampiRojas<13><STEAM_0:1:484496939><>"
L 04/17/2020 - 02:23:52: [plmenu.amxx] Cmd: "TSM Luke<4><STEAM_0:1:170270347><>" slap with 0 damage "JuampiRojas<13><STEAM_0:1:484496939><>"
L 04/17/2020 - 02:23:52: [plmenu.amxx] Cmd: "TSM Luke<4><STEAM_0:1:170270347><>" slap with 0 damage "JuampiRojas<13><STEAM_0:1:484496939><>"
L 04/17/2020 - 02:23:53: [plmenu.amxx] Cmd: "TSM Luke<4><STEAM_0:1:170270347><>" slap with 0 damage "JuampiRojas<13><STEAM_0:1:484496939><>"
L 04/17/2020 - 02:40:40: [admin.amxx] Login: "TSM JB<16><STEAM_0:0:540163273><>" became an admin (account "TSM JB") (access "abcdefghijklmnopqrstuv") (address "190.190.209.82")
L 04/17/2020 - 02:46:45: [admin.amxx] Login: "TSM KBZ@<19><STEAM_0:0:123422662><>" became an admin (account "TSM KBZ@") (access "abcdefghijklmnopqrstuv") (address "200.125.121.160")
L 04/17/2020 - 02:49:45: [admin.amxx] Login: "TSM JB<22><STEAM_0:0:540163273><>" kicked due to invalid password (account "TSM JB") (address "190.190.209.82")
L 04/17/2020 - 02:50:02: [admin.amxx] Login: "TSM JB<23><STEAM_0:0:540163273><>" kicked due to invalid password (account "TSM JB") (address "190.190.209.82")
L 04/17/2020 - 02:51:01: [admin.amxx] Login: "TSM JB<24><STEAM_0:0:540163273><>" kicked due to invalid password (account "TSM JB") (address "190.190.209.82")
L 04/17/2020 - 02:51:38: [admin.amxx] Login: "TSM JB<26><STEAM_0:0:540163273><>" kicked due to invalid password (account "TSM JB") (address "190.190.209.82")
L 04/17/2020 - 02:52:40: [admin.amxx] Login: "TSM JB<27><STEAM_0:0:540163273><>" became an admin (account "TSM JB") (access "abcdefghijklmnopqrstuv") (address "190.190.209.82")
L 04/17/2020 - 03:07:25: [admin.amxx] Login: "TSM Luke<32><STEAM_0:1:170270347><>" kicked due to invalid password (account "TSM Luke") (address "190.190.209.115")
L 04/17/2020 - 03:07:31: [admin.amxx] Login: "TSM Luke<33><STEAM_0:1:170270347><>" kicked due to invalid password (account "TSM Luke") (address "190.190.209.115")
L 04/17/2020 - 03:07:39: [admin.amxx] Login: "TSM Luke<34><STEAM_0:1:170270347><>" became an admin (account "TSM Luke") (access "abcdefghijklmnopqrstuv") (address "190.190.209.115")
L 04/17/2020 - 03:08:33: [admin.amxx] Login: "TSM Leinho<35><STEAM_0:1:534159451><>" became an admin (account "TSM Leinho") (access "abcdefghijklmnopqrstuv") (address "186.23.31.178")
L 04/17/2020 - 03:11:53: [plmenu.amxx] Cmd: "TSM Leinho<35><STEAM_0:1:534159451><>" slap with 1 damage "TSM EL PELU<17><STEAM_0:0:483271322><>"
L 04/17/2020 - 03:11:53: [plmenu.amxx] Cmd: "TSM Leinho<35><STEAM_0:1:534159451><>" slap with 1 damage "TSM EL PELU<17><STEAM_0:0:483271322><>"
L 04/17/2020 - 03:11:53: [plmenu.amxx] Cmd: "TSM Leinho<35><STEAM_0:1:534159451><>" slap with 1 damage "TSM EL PELU<17><STEAM_0:0:483271322><>"
L 04/17/2020 - 03:11:53: [plmenu.amxx] Cmd: "TSM Leinho<35><STEAM_0:1:534159451><>" slap with 1 damage "TSM EL PELU<17><STEAM_0:0:483271322><>"
L 04/17/2020 - 03:11:53: [plmenu.amxx] Cmd: "TSM Leinho<35><STEAM_0:1:534159451><>" slap with 1 damage "TSM EL PELU<17><STEAM_0:0:483271322><>"
L 04/17/2020 - 03:11:54: [plmenu.amxx] Cmd: "TSM Leinho<35><STEAM_0:1:534159451><>" slap with 1 damage "TSM EL PELU<17><STEAM_0:0:483271322><>"
L 04/17/2020 - 03:11:55: [plmenu.amxx] Cmd: "TSM Leinho<35><STEAM_0:1:534159451><>" slap with 1 damage "TSM EL PELU<17><STEAM_0:0:483271322><>"
L 04/17/2020 - 03:11:55: [plmenu.amxx] Cmd: "TSM Leinho<35><STEAM_0:1:534159451><>" slap with 1 damage "TSM EL PELU<17><STEAM_0:0:483271322><>"
L 04/17/2020 - 03:11:55: [plmenu.amxx] Cmd: "TSM Leinho<35><STEAM_0:1:534159451><>" slap with 1 damage "TSM EL PELU<17><STEAM_0:0:483271322><>"
L 04/17/2020 - 03:12:45: [plmenu.amxx] Cmd: "TSM KBZ@<19><STEAM_0:0:123422662><>" slap with 0 damage "TSM EL PELU<17><STEAM_0:0:483271322><>"
L 04/17/2020 - 03:12:45: [plmenu.amxx] Cmd: "TSM KBZ@<19><STEAM_0:0:123422662><>" slap with 0 damage "TSM EL PELU<17><STEAM_0:0:483271322><>"
L 04/17/2020 - 03:12:45: [plmenu.amxx] Cmd: "TSM KBZ@<19><STEAM_0:0:123422662><>" slap with 0 damage "TSM EL PELU<17><STEAM_0:0:483271322><>"
L 04/17/2020 - 03:12:46: [plmenu.amxx] Cmd: "TSM KBZ@<19><STEAM_0:0:123422662><>" slap with 0 damage "TSM EL PELU<17><STEAM_0:0:483271322><>"
L 04/17/2020 - 03:12:46: [plmenu.amxx] Cmd: "TSM KBZ@<19><STEAM_0:0:123422662><>" slap with 0 damage "TSM EL PELU<17><STEAM_0:0:483271322><>"
L 04/17/2020 - 03:12:46: [plmenu.amxx] Cmd: "TSM KBZ@<19><STEAM_0:0:123422662><>" slap with 0 damage "TSM EL PELU<17><STEAM_0:0:483271322><>"
L 04/17/2020 - 03:12:46: [plmenu.amxx] Cmd: "TSM KBZ@<19><STEAM_0:0:123422662><>" slap with 0 damage "TSM EL PELU<17><STEAM_0:0:483271322><>"
L 04/17/2020 - 03:12:46: [plmenu.amxx] Cmd: "TSM KBZ@<19><STEAM_0:0:123422662><>" slap with 0 damage "TSM EL PELU<17><STEAM_0:0:483271322><>"
L 04/17/2020 - 03:12:47: [plmenu.amxx] Cmd: "TSM KBZ@<19><STEAM_0:0:123422662><>" slap with 0 damage "TSM EL PELU<17><STEAM_0:0:483271322><>"
L 04/17/2020 - 03:12:47: [plmenu.amxx] Cmd: "TSM KBZ@<19><STEAM_0:0:123422662><>" slap with 0 damage "TSM EL PELU<17><STEAM_0:0:483271322><>"
L 04/17/2020 - 03:12:47: [plmenu.amxx] Cmd: "TSM Luke<34><STEAM_0:1:170270347><>" slap with 5 damage "TSM EL PELU<17><STEAM_0:0:483271322><>"
L 04/17/2020 - 03:12:47: [plmenu.amxx] Cmd: "TSM Luke<34><STEAM_0:1:170270347><>" slap with 5 damage "TSM EL PELU<17><STEAM_0:0:483271322><>"
L 04/17/2020 - 03:12:48: [plmenu.amxx] Cmd: "TSM Luke<34><STEAM_0:1:170270347><>" slap with 5 damage "TSM EL PELU<17><STEAM_0:0:483271322><>"
L 04/17/2020 - 03:12:48: [plmenu.amxx] Cmd: "TSM Luke<34><STEAM_0:1:170270347><>" slap with 5 damage "TSM EL PELU<17><STEAM_0:0:483271322><>"
L 04/17/2020 - 03:12:48: [plmenu.amxx] Cmd: "TSM Luke<34><STEAM_0:1:170270347><>" slap with 5 damage "TSM EL PELU<17><STEAM_0:0:483271322><>"
L 04/17/2020 - 03:12:48: [plmenu.amxx] Cmd: "TSM Luke<34><STEAM_0:1:170270347><>" slap with 5 damage "TSM EL PELU<17><STEAM_0:0:483271322><>"
L 04/17/2020 - 03:12:48: [plmenu.amxx] Cmd: "TSM Luke<34><STEAM_0:1:170270347><>" slap with 5 damage "TSM EL PELU<17><STEAM_0:0:483271322><>"
L 04/17/2020 - 03:12:48: [plmenu.amxx] Cmd: "TSM KBZ@<19><STEAM_0:0:123422662><>" slap with 0 damage "TSM EL PELU<17><STEAM_0:0:483271322><>"
L 04/17/2020 - 03:12:48: [plmenu.amxx] Cmd: "TSM Luke<34><STEAM_0:1:170270347><>" slap with 5 damage "TSM EL PELU<17><STEAM_0:0:483271322><>"
L 04/17/2020 - 03:12:48: [plmenu.amxx] Cmd: "TSM KBZ@<19><STEAM_0:0:123422662><>" slap with 0 damage "TSM EL PELU<17><STEAM_0:0:483271322><>"
L 04/17/2020 - 03:12:48: [plmenu.amxx] Cmd: "TSM Luke<34><STEAM_0:1:170270347><>" slap with 5 damage "TSM EL PELU<17><STEAM_0:0:483271322><>"
L 04/17/2020 - 03:12:48: [plmenu.amxx] Cmd: "TSM KBZ@<19><STEAM_0:0:123422662><>" slap with 0 damage "TSM EL PELU<17><STEAM_0:0:483271322><>"
L 04/17/2020 - 03:12:49: [plmenu.amxx] Cmd: "TSM KBZ@<19><STEAM_0:0:123422662><>" slap with 0 damage "TSM EL PELU<17><STEAM_0:0:483271322><>"
L 04/17/2020 - 03:12:49: [plmenu.amxx] Cmd: "TSM Luke<34><STEAM_0:1:170270347><>" slap with 5 damage "TSM EL PELU<17><STEAM_0:0:483271322><>"
L 04/17/2020 - 03:12:49: [plmenu.amxx] Cmd: "TSM KBZ@<19><STEAM_0:0:123422662><>" slap with 0 damage "TSM EL PELU<17><STEAM_0:0:483271322><>"
L 04/17/2020 - 03:12:49: [plmenu.amxx] Cmd: "TSM Luke<34><STEAM_0:1:170270347><>" slap with 5 damage "TSM EL PELU<17><STEAM_0:0:483271322><>"
L 04/17/2020 - 03:12:49: [plmenu.amxx] Cmd: "TSM KBZ@<19><STEAM_0:0:123422662><>" slap with 0 damage "TSM EL PELU<17><STEAM_0:0:483271322><>"
L 04/17/2020 - 03:12:49: [plmenu.amxx] Cmd: "TSM Luke<34><STEAM_0:1:170270347><>" slap with 5 damage "TSM EL PELU<17><STEAM_0:0:483271322><>"
L 04/17/2020 - 03:12:49: [plmenu.amxx] Cmd: "TSM KBZ@<19><STEAM_0:0:123422662><>" slap with 0 damage "TSM EL PELU<17><STEAM_0:0:483271322><>"
L 04/17/2020 - 03:12:49: [plmenu.amxx] Cmd: "TSM KBZ@<19><STEAM_0:0:123422662><>" slap with 0 damage "TSM EL PELU<17><STEAM_0:0:483271322><>"
L 04/17/2020 - 03:12:49: [plmenu.amxx] Cmd: "TSM Luke<34><STEAM_0:1:170270347><>" slap with 5 damage "TSM EL PELU<17><STEAM_0:0:483271322><>"
L 04/17/2020 - 03:12:49: [plmenu.amxx] Cmd: "TSM KBZ@<19><STEAM_0:0:123422662><>" slap with 0 damage "TSM EL PELU<17><STEAM_0:0:483271322><>"
L 04/17/2020 - 03:12:49: [plmenu.amxx] Cmd: "TSM Luke<34><STEAM_0:1:170270347><>" slap with 5 damage "TSM EL PELU<17><STEAM_0:0:483271322><>"
L 04/17/2020 - 03:12:50: [plmenu.amxx] Cmd: "TSM KBZ@<19><STEAM_0:0:123422662><>" slap with 0 damage "TSM EL PELU<17><STEAM_0:0:483271322><>"
L 04/17/2020 - 03:12:50: [plmenu.amxx] Cmd: "TSM Luke<34><STEAM_0:1:170270347><>" slap with 5 damage "TSM EL PELU<17><STEAM_0:0:483271322><>"
L 04/17/2020 - 03:12:50: [plmenu.amxx] Cmd: "TSM KBZ@<19><STEAM_0:0:123422662><>" slap with 0 damage "TSM EL PELU<17><STEAM_0:0:483271322><>"
L 04/17/2020 - 03:12:50: [plmenu.amxx] Cmd: "TSM KBZ@<19><STEAM_0:0:123422662><>" slap with 0 damage "TSM EL PELU<17><STEAM_0:0:483271322><>"
L 04/17/2020 - 03:12:50: [plmenu.amxx] Cmd: "TSM Luke<34><STEAM_0:1:170270347><>" slap with 5 damage "TSM EL PELU<17><STEAM_0:0:483271322><>"
L 04/17/2020 - 03:12:50: [plmenu.amxx] Cmd: "TSM KBZ@<19><STEAM_0:0:123422662><>" slap with 0 damage "TSM EL PELU<17><STEAM_0:0:483271322><>"
L 04/17/2020 - 03:12:50: [plmenu.amxx] Cmd: "TSM Luke<34><STEAM_0:1:170270347><>" slap with 5 damage "TSM EL PELU<17><STEAM_0:0:483271322><>"
L 04/17/2020 - 03:12:50: [plmenu.amxx] Cmd: "TSM KBZ@<19><STEAM_0:0:123422662><>" slap with 0 damage "TSM EL PELU<17><STEAM_0:0:483271322><>"
L 04/17/2020 - 03:12:50: [plmenu.amxx] Cmd: "TSM KBZ@<19><STEAM_0:0:123422662><>" slap with 0 damage "TSM EL PELU<17><STEAM_0:0:483271322><>"
L 04/17/2020 - 03:12:51: [plmenu.amxx] Cmd: "TSM KBZ@<19><STEAM_0:0:123422662><>" slap with 0 damage "TSM EL PELU<17><STEAM_0:0:483271322><>"
L 04/17/2020 - 03:12:51: [plmenu.amxx] Cmd: "TSM KBZ@<19><STEAM_0:0:123422662><>" slap with 0 damage "TSM EL PELU<17><STEAM_0:0:483271322><>"
L 04/17/2020 - 03:12:51: [plmenu.amxx] Cmd: "TSM KBZ@<19><STEAM_0:0:123422662><>" slap with 0 damage "TSM EL PELU<17><STEAM_0:0:483271322><>"
L 04/17/2020 - 03:12:51: [plmenu.amxx] Cmd: "TSM KBZ@<19><STEAM_0:0:123422662><>" slap with 0 damage "TSM EL PELU<17><STEAM_0:0:483271322><>"
L 04/17/2020 - 03:12:51: [plmenu.amxx] Cmd: "TSM KBZ@<19><STEAM_0:0:123422662><>" slap with 0 damage "TSM EL PELU<17><STEAM_0:0:483271322><>"
L 04/17/2020 - 03:12:51: [plmenu.amxx] Cmd: "TSM KBZ@<19><STEAM_0:0:123422662><>" slap with 0 damage "TSM EL PELU<17><STEAM_0:0:483271322><>"
L 04/17/2020 - 03:12:51: [plmenu.amxx] Cmd: "TSM KBZ@<19><STEAM_0:0:123422662><>" slap with 0 damage "TSM EL PELU<17><STEAM_0:0:483271322><>"
L 04/17/2020 - 03:12:52: [plmenu.amxx] Cmd: "TSM KBZ@<19><STEAM_0:0:123422662><>" slap with 0 damage "TSM EL PELU<17><STEAM_0:0:483271322><>"
L 04/17/2020 - 03:12:52: [plmenu.amxx] Cmd: "TSM KBZ@<19><STEAM_0:0:123422662><>" slap with 0 damage "TSM EL PELU<17><STEAM_0:0:483271322><>"
L 04/17/2020 - 03:12:52: [plmenu.amxx] Cmd: "TSM KBZ@<19><STEAM_0:0:123422662><>" slap with 0 damage "TSM EL PELU<17><STEAM_0:0:483271322><>"
L 04/17/2020 - 03:12:52: [plmenu.amxx] Cmd: "TSM KBZ@<19><STEAM_0:0:123422662><>" slap with 0 damage "TSM EL PELU<17><STEAM_0:0:483271322><>"
L 04/17/2020 - 03:12:52: [plmenu.amxx] Cmd: "TSM KBZ@<19><STEAM_0:0:123422662><>" slap with 0 damage "TSM EL PELU<17><STEAM_0:0:483271322><>"
L 04/17/2020 - 03:12:52: [plmenu.amxx] Cmd: "TSM KBZ@<19><STEAM_0:0:123422662><>" slap with 0 damage "TSM EL PELU<17><STEAM_0:0:483271322><>"
L 04/17/2020 - 03:12:52: [plmenu.amxx] Cmd: "TSM Luke<34><STEAM_0:1:170270347><>" slay "TSM EL PELU<17><STEAM_0:0:483271322><>"
L 04/17/2020 - 03:13:59: [plmenu.amxx] Cmd: "TSM Luke<34><STEAM_0:1:170270347><>" slap with 0 damage "TSM EL PELU<17><STEAM_0:0:483271322><>"
L 04/17/2020 - 03:14:00: [plmenu.amxx] Cmd: "TSM Luke<34><STEAM_0:1:170270347><>" slap with 1 damage "TSM EL PELU<17><STEAM_0:0:483271322><>"
L 04/17/2020 - 03:14:01: [plmenu.amxx] Cmd: "TSM Luke<34><STEAM_0:1:170270347><>" slap with 1 damage "TSM EL PELU<17><STEAM_0:0:483271322><>"
L 04/17/2020 - 03:14:01: [plmenu.amxx] Cmd: "TSM Luke<34><STEAM_0:1:170270347><>" slap with 1 damage "TSM EL PELU<17><STEAM_0:0:483271322><>"
L 04/17/2020 - 03:14:01: [plmenu.amxx] Cmd: "TSM Luke<34><STEAM_0:1:170270347><>" slap with 1 damage "TSM EL PELU<17><STEAM_0:0:483271322><>"
L 04/17/2020 - 03:14:01: [plmenu.amxx] Cmd: "TSM Luke<34><STEAM_0:1:170270347><>" slap with 1 damage "TSM EL PELU<17><STEAM_0:0:483271322><>"
L 04/17/2020 - 03:14:01: [plmenu.amxx] Cmd: "TSM Luke<34><STEAM_0:1:170270347><>" slap with 1 damage "TSM EL PELU<17><STEAM_0:0:483271322><>"
L 04/17/2020 - 03:14:02: [plmenu.amxx] Cmd: "TSM Luke<34><STEAM_0:1:170270347><>" slap with 1 damage "TSM EL PELU<17><STEAM_0:0:483271322><>"
L 04/17/2020 - 03:14:04: [plmenu.amxx] Cmd: "TSM Luke<34><STEAM_0:1:170270347><>" slay "TSM EL PELU<17><STEAM_0:0:483271322><>"
L 04/17/2020 - 03:14:19: [plmenu.amxx] Cmd: "TSM Luke<34><STEAM_0:1:170270347><>" slay "TSM EL PELU<17><STEAM_0:0:483271322><>"
L 04/17/2020 - 03:14:50: [admin.amxx] Login: "TSM Colo<37><STEAM_0:1:418955341><>" kicked due to invalid password (account "TSM Colo") (address "190.190.35.85")
L 04/17/2020 - 03:14:57: [admin.amxx] Login: "TSM Colo<38><STEAM_0:1:418955341><>" kicked due to invalid password (account "TSM Colo") (address "190.190.35.85")
L 04/17/2020 - 03:14:59: [plmenu.amxx] Cmd: "TSM KBZ@<19><STEAM_0:0:123422662><>" slap with 0 damage "TSM EL PELU<17><STEAM_0:0:483271322><>"
L 04/17/2020 - 03:14:59: [plmenu.amxx] Cmd: "TSM KBZ@<19><STEAM_0:0:123422662><>" slap with 0 damage "TSM EL PELU<17><STEAM_0:0:483271322><>"
L 04/17/2020 - 03:14:59: [plmenu.amxx] Cmd: "TSM KBZ@<19><STEAM_0:0:123422662><>" slap with 0 damage "TSM EL PELU<17><STEAM_0:0:483271322><>"
L 04/17/2020 - 03:14:59: [plmenu.amxx] Cmd: "TSM KBZ@<19><STEAM_0:0:123422662><>" slap with 0 damage "TSM EL PELU<17><STEAM_0:0:483271322><>"
L 04/17/2020 - 03:14:59: [plmenu.amxx] Cmd: "TSM KBZ@<19><STEAM_0:0:123422662><>" slap with 0 damage "TSM EL PELU<17><STEAM_0:0:483271322><>"
L 04/17/2020 - 03:15:00: [plmenu.amxx] Cmd: "TSM KBZ@<19><STEAM_0:0:123422662><>" slap with 0 damage "TSM EL PELU<17><STEAM_0:0:483271322><>"
L 04/17/2020 - 03:15:00: [plmenu.amxx] Cmd: "TSM KBZ@<19><STEAM_0:0:123422662><>" slap with 0 damage "TSM EL PELU<17><STEAM_0:0:483271322><>"
L 04/17/2020 - 03:15:02: [plmenu.amxx] Cmd: "TSM KBZ@<19><STEAM_0:0:123422662><>" slap with 0 damage "TSM EL PELU<17><STEAM_0:0:483271322><>"
L 04/17/2020 - 03:15:02: [plmenu.amxx] Cmd: "TSM KBZ@<19><STEAM_0:0:123422662><>" slap with 0 damage "TSM EL PELU<17><STEAM_0:0:483271322><>"
L 04/17/2020 - 03:15:02: [plmenu.amxx] Cmd: "TSM KBZ@<19><STEAM_0:0:123422662><>" slap with 0 damage "TSM EL PELU<17><STEAM_0:0:483271322><>"
L 04/17/2020 - 03:15:03: [plmenu.amxx] Cmd: "TSM KBZ@<19><STEAM_0:0:123422662><>" slap with 0 damage "TSM EL PELU<17><STEAM_0:0:483271322><>"
L 04/17/2020 - 03:15:03: [plmenu.amxx] Cmd: "TSM KBZ@<19><STEAM_0:0:123422662><>" slap with 0 damage "TSM EL PELU<17><STEAM_0:0:483271322><>"
L 04/17/2020 - 03:15:03: [plmenu.amxx] Cmd: "TSM KBZ@<19><STEAM_0:0:123422662><>" slap with 0 damage "TSM EL PELU<17><STEAM_0:0:483271322><>"
L 04/17/2020 - 03:15:03: [plmenu.amxx] Cmd: "TSM KBZ@<19><STEAM_0:0:123422662><>" slap with 0 damage "TSM EL PELU<17><STEAM_0:0:483271322><>"
L 04/17/2020 - 03:15:04: [plmenu.amxx] Cmd: "TSM KBZ@<19><STEAM_0:0:123422662><>" slap with 0 damage "TSM EL PELU<17><STEAM_0:0:483271322><>"
L 04/17/2020 - 03:15:04: [plmenu.amxx] Cmd: "TSM KBZ@<19><STEAM_0:0:123422662><>" slap with 0 damage "TSM EL PELU<17><STEAM_0:0:483271322><>"
L 04/17/2020 - 03:15:04: [plmenu.amxx] Cmd: "TSM KBZ@<19><STEAM_0:0:123422662><>" slap with 0 damage "TSM EL PELU<17><STEAM_0:0:483271322><>"
L 04/17/2020 - 03:15:04: [plmenu.amxx] Cmd: "TSM KBZ@<19><STEAM_0:0:123422662><>" slap with 0 damage "TSM EL PELU<17><STEAM_0:0:483271322><>"
L 04/17/2020 - 03:15:05: [plmenu.amxx] Cmd: "TSM KBZ@<19><STEAM_0:0:123422662><>" slap with 0 damage "TSM EL PELU<17><STEAM_0:0:483271322><>"
L 04/17/2020 - 03:15:05: [plmenu.amxx] Cmd: "TSM KBZ@<19><STEAM_0:0:123422662><>" slap with 0 damage "TSM EL PELU<17><STEAM_0:0:483271322><>"
L 04/17/2020 - 03:15:05: [plmenu.amxx] Cmd: "TSM KBZ@<19><STEAM_0:0:123422662><>" slap with 0 damage "TSM EL PELU<17><STEAM_0:0:483271322><>"
L 04/17/2020 - 03:15:06: [plmenu.amxx] Cmd: "TSM KBZ@<19><STEAM_0:0:123422662><>" slap with 0 damage "TSM EL PELU<17><STEAM_0:0:483271322><>"
L 04/17/2020 - 03:15:06: [plmenu.amxx] Cmd: "TSM KBZ@<19><STEAM_0:0:123422662><>" slap with 0 damage "TSM EL PELU<17><STEAM_0:0:483271322><>"
L 04/17/2020 - 03:15:07: [plmenu.amxx] Cmd: "TSM KBZ@<19><STEAM_0:0:123422662><>" slap with 0 damage "TSM EL PELU<17><STEAM_0:0:483271322><>"
L 04/17/2020 - 03:15:07: [plmenu.amxx] Cmd: "TSM KBZ@<19><STEAM_0:0:123422662><>" slap with 0 damage "TSM EL PELU<17><STEAM_0:0:483271322><>"
L 04/17/2020 - 03:15:07: [plmenu.amxx] Cmd: "TSM KBZ@<19><STEAM_0:0:123422662><>" slap with 0 damage "TSM EL PELU<17><STEAM_0:0:483271322><>"
L 04/17/2020 - 03:15:08: [plmenu.amxx] Cmd: "TSM KBZ@<19><STEAM_0:0:123422662><>" slap with 0 damage "TSM EL PELU<17><STEAM_0:0:483271322><>"
L 04/17/2020 - 03:15:08: [plmenu.amxx] Cmd: "TSM KBZ@<19><STEAM_0:0:123422662><>" slap with 0 damage "TSM EL PELU<17><STEAM_0:0:483271322><>"
L 04/17/2020 - 03:15:09: [plmenu.amxx] Cmd: "TSM KBZ@<19><STEAM_0:0:123422662><>" slap with 0 damage "TSM EL PELU<17><STEAM_0:0:483271322><>"
L 04/17/2020 - 03:15:09: [plmenu.amxx] Cmd: "TSM KBZ@<19><STEAM_0:0:123422662><>" slap with 0 damage "TSM EL PELU<17><STEAM_0:0:483271322><>"
L 04/17/2020 - 03:15:09: [plmenu.amxx] Cmd: "TSM KBZ@<19><STEAM_0:0:123422662><>" slap with 0 damage "TSM EL PELU<17><STEAM_0:0:483271322><>"
L 04/17/2020 - 03:15:09: [plmenu.amxx] Cmd: "TSM KBZ@<19><STEAM_0:0:123422662><>" slap with 0 damage "TSM EL PELU<17><STEAM_0:0:483271322><>"
L 04/17/2020 - 03:15:09: [plmenu.amxx] Cmd: "TSM KBZ@<19><STEAM_0:0:123422662><>" slap with 0 damage "TSM EL PELU<17><STEAM_0:0:483271322><>"
L 04/17/2020 - 03:15:11: [plmenu.amxx] Cmd: "TSM KBZ@<19><STEAM_0:0:123422662><>" slap with 1 damage "TSM EL PELU<17><STEAM_0:0:483271322><>"
L 04/17/2020 - 03:15:11: [plmenu.amxx] Cmd: "TSM KBZ@<19><STEAM_0:0:123422662><>" slap with 1 damage "TSM EL PELU<17><STEAM_0:0:483271322><>"
L 04/17/2020 - 03:15:12: [plmenu.amxx] Cmd: "TSM KBZ@<19><STEAM_0:0:123422662><>" slap with 1 damage "TSM EL PELU<17><STEAM_0:0:483271322><>"
L 04/17/2020 - 03:15:12: [plmenu.amxx] Cmd: "TSM KBZ@<19><STEAM_0:0:123422662><>" slap with 1 damage "TSM EL PELU<17><STEAM_0:0:483271322><>"
L 04/17/2020 - 03:15:12: [plmenu.amxx] Cmd: "TSM KBZ@<19><STEAM_0:0:123422662><>" slap with 1 damage "TSM EL PELU<17><STEAM_0:0:483271322><>"
L 04/17/2020 - 03:16:01: [admin.amxx] Login: "TSM Colo<41><STEAM_0:1:418955341><>" became an admin (account "TSM Colo") (access "abcdefghijklmnopqrstuv") (address "190.190.35.85")
L 04/17/2020 - 03:16:08: [plmenu.amxx] Kick: "TSM KBZ@<19><STEAM_0:0:123422662><>" kick "TSM EL PELU<17><STEAM_0:0:483271322><>"
L 04/17/2020 - 03:18:05: [adminchat.amxx] Chat: "gsk  ema<39><STEAM_0:1:537935855><>" chat "MA rr"
L 04/17/2020 - 03:21:21: [admin.amxx] Login: "TSM JB<44><STEAM_0:0:540163273><>" became an admin (account "TSM JB") (access "abcdefghijklmnopqrstuv") (address "190.190.209.82")
L 04/17/2020 - 03:21:22: [admin.amxx] Login: "TSM Luke<45><STEAM_0:1:170270347><>" became an admin (account "TSM Luke") (access "abcdefghijklmnopqrstuv") (address "190.190.209.115")
L 04/17/2020 - 03:21:34: [admin.amxx] Login: "TSM Colo<46><STEAM_0:1:418955341><>" became an admin (account "TSM Colo") (access "abcdefghijklmnopqrstuv") (address "190.190.35.85")
L 04/17/2020 - 03:22:03: [admin.amxx] Login: "TSM Leinho<47><STEAM_0:1:534159451><>" became an admin (account "TSM Leinho") (access "abcdefghijklmnopqrstuv") (address "186.23.31.178")
L 04/17/2020 - 03:22:23: [admin.amxx] Login: "TSM KBZ@<48><STEAM_0:0:123422662><>" became an admin (account "TSM KBZ@") (access "abcdefghijklmnopqrstuv") (address "200.125.121.160")
L 04/17/2020 - 03:26:18: -------- Mapchange to de_dust2 --------
L 04/17/2020 - 03:26:19: [admin.amxx] Login: "TSM Colo<46><STEAM_0:1:418955341><>" became an admin (account "TSM Colo") (access "abcdefghijklmnopqrstuv") (address "190.190.35.85")
L 04/17/2020 - 03:26:19: [admin.amxx] Login: "TSM JB<44><STEAM_0:0:540163273><>" became an admin (account "TSM JB") (access "abcdefghijklmnopqrstuv") (address "190.190.209.82")
L 04/17/2020 - 03:26:19: [admin.amxx] Login: "TSM Leinho<47><STEAM_0:1:534159451><>" became an admin (account "TSM Leinho") (access "abcdefghijklmnopqrstuv") (address "186.23.31.178")
L 04/17/2020 - 03:26:19: [admin.amxx] Login: "TSM KBZ@<48><STEAM_0:0:123422662><>" became an admin (account "TSM KBZ@") (access "abcdefghijklmnopqrstuv") (address "200.125.121.160")
L 04/17/2020 - 03:26:19: [admin.amxx] Login: "TSM Leinho<47><STEAM_0:1:534159451><>" became an admin (account "TSM Leinho") (access "abcdefghijklmnopqrstuv") (address "186.23.31.178")
L 04/17/2020 - 03:28:15: [admin.amxx] Login: "TSM KBZ@<50><STEAM_0:0:123422662><>" became an admin (account "TSM KBZ@") (access "abcdefghijklmnopqrstuv") (address "200.125.121.160")
L 04/17/2020 - 03:32:16: [admin.amxx] Login: "TSM JB<51><STEAM_0:0:540163273><>" became an admin (account "TSM JB") (access "abcdefghijklmnopqrstuv") (address "190.190.209.82")
L 04/17/2020 - 03:32:42: [admin.amxx] Login: "TSM KBZ@<54><STEAM_0:0:123422662><>" became an admin (account "TSM KBZ@") (access "abcdefghijklmnopqrstuv") (address "200.125.121.160")
L 04/17/2020 - 03:33:18: [admin.amxx] Login: "TSM Luke<58><STEAM_0:1:170270347><>" kicked due to invalid password (account "TSM Luke") (address "190.190.209.115")
L 04/17/2020 - 03:33:27: [admin.amxx] Login: "TSM Luke<59><STEAM_0:1:170270347><>" became an admin (account "TSM Luke") (access "abcdefghijklmnopqrstuv") (address "190.190.209.115")
L 04/17/2020 - 03:33:45: [admin.amxx] Login: "TSM KBZ@<60><STEAM_0:0:123422662><>" became an admin (account "TSM KBZ@") (access "abcdefghijklmnopqrstuv") (address "200.125.121.160")
L 04/17/2020 - 03:36:19: [admin.amxx] Login: "TSM Luke<61><STEAM_0:1:170270347><>" became an admin (account "TSM Luke") (access "abcdefghijklmnopqrstuv") (address "190.190.209.115")
L 04/17/2020 - 04:05:29: [admin.amxx] Login: "TSM KBZ@<64><STEAM_0:0:123422662><>" became an admin (account "TSM KBZ@") (access "abcdefghijklmnopqrstuv") (address "200.125.121.160")
L 04/17/2020 - 04:06:01: [admin.amxx] Login: "TSM Luke<65><STEAM_0:1:170270347><>" became an admin (account "TSM Luke") (access "abcdefghijklmnopqrstuv") (address "190.190.209.115")
L 04/17/2020 - 04:06:01: [admin.amxx] Login: "TSM JB<66><STEAM_0:0:540163273><>" became an admin (account "TSM JB") (access "abcdefghijklmnopqrstuv") (address "190.190.209.82")
L 04/17/2020 - 04:06:03: [admin.amxx] Login: "TSM Leinho<67><STEAM_0:1:534159451><>" became an admin (account "TSM Leinho") (access "abcdefghijklmnopqrstuv") (address "186.23.31.178")
L 04/17/2020 - 04:06:09: [admin.amxx] Login: "TSM Colo<68><STEAM_0:1:418955341><>" became an admin (account "TSM Colo") (access "abcdefghijklmnopqrstuv") (address "190.190.35.85")
L 04/17/2020 - 04:11:05: [admin.amxx] Login: "TSM JB<69><STEAM_0:0:540163273><>" became an admin (account "TSM JB") (access "abcdefghijklmnopqrstuv") (address "190.190.209.82")
L 04/17/2020 - 04:11:39: [admin.amxx] Login: "TSM Leinho<70><STEAM_0:1:534159451><>" became an admin (account "TSM Leinho") (access "abcdefghijklmnopqrstuv") (address "186.23.31.178")
L 04/17/2020 - 04:11:51: [admin.amxx] Login: "TSM Colo<71><STEAM_0:1:418955341><>" became an admin (account "TSM Colo") (access "abcdefghijklmnopqrstuv") (address "190.190.35.85")
L 04/17/2020 - 04:22:54: [admin.amxx] Login: "TSM Luke<74><STEAM_0:1:170270347><>" became an admin (account "TSM Luke") (access "abcdefghijklmnopqrstuv") (address "190.190.209.115")
L 04/17/2020 - 04:25:06: [adminchat.amxx] Chat: "420 ~ Sant1kzzz' d=PpPp^<75><STEAM_0:0:78191575><>" chat "METO 5"
L 04/17/2020 - 04:25:08: [admin.amxx] Login: "TSM Luke<76><STEAM_0:1:170270347><>" became an admin (account "TSM Luke") (access "abcdefghijklmnopqrstuv") (address "190.190.209.115")
L 04/17/2020 - 18:50:47: -------- Mapchange to de_dust2 --------
L 04/17/2020 - 18:50:48: -------- Mapchange to de_dust2 --------
L 04/17/2020 - 19:08:48: [mapchooser.amxx] Vote: Voting for the nextmap started
L 04/17/2020 - 19:09:03: [mapchooser.amxx] Vote: Voting for the nextmap finished. The nextmap will be de_inferno
L 04/17/2020 - 19:10:59: -------- Mapchange to de_inferno --------
L 04/17/2020 - 19:28:59: [mapchooser.amxx] Vote: Voting for the nextmap started
L 04/17/2020 - 19:29:14: [mapchooser.amxx] Vote: Voting for the nextmap finished. The nextmap will be cs_assault
L 04/17/2020 - 19:31:10: -------- Mapchange to cs_assault --------
L 04/17/2020 - 19:49:10: [mapchooser.amxx] Vote: Voting for the nextmap started
L 04/17/2020 - 19:49:25: [mapchooser.amxx] Vote: Voting for the nextmap finished. The nextmap will be de_dust2
L 04/17/2020 - 19:51:21: -------- Mapchange to de_dust2 --------
L 04/17/2020 - 20:09:21: [mapchooser.amxx] Vote: Voting for the nextmap started
L 04/17/2020 - 20:09:36: [mapchooser.amxx] Vote: Voting for the nextmap finished. The nextmap will be de_inferno
L 04/17/2020 - 20:11:32: -------- Mapchange to de_inferno --------
L 04/17/2020 - 20:29:32: [mapchooser.amxx] Vote: Voting for the nextmap started
L 04/17/2020 - 20:29:47: [mapchooser.amxx] Vote: Voting for the nextmap finished. The nextmap will be cs_assault
L 04/17/2020 - 20:31:43: -------- Mapchange to cs_assault --------
L 04/17/2020 - 20:49:43: [mapchooser.amxx] Vote: Voting for the nextmap started
L 04/17/2020 - 20:49:58: [mapchooser.amxx] Vote: Voting for the nextmap finished. The nextmap will be de_dust2
L 04/17/2020 - 20:51:54: -------- Mapchange to de_dust2 --------
L 04/17/2020 - 21:09:54: [mapchooser.amxx] Vote: Voting for the nextmap started
L 04/17/2020 - 21:10:09: [mapchooser.amxx] Vote: Voting for the nextmap finished. The nextmap will be de_inferno
L 04/17/2020 - 21:12:05: -------- Mapchange to de_inferno --------
